<?xml version="1.0" encoding="UTF-8"?>
<testsuite xmlns:xsi="http://www.w3.org/2001/XMLSchema-instance" xsi:noNamespaceSchemaLocation="https://maven.apache.org/surefire/maven-surefire-plugin/xsd/surefire-test-report.xsd" version="3.0.2" name="com.okulyonetimsistemi.okulyonetimsistemi.DatabaseConnectionTest" time="16.149" tests="1" errors="0" skipped="0" failures="0">
  <properties>
[...]
</properties>
  <testcase name="testDatabaseConnection" classname="com.okulyonetimsistemi.okulyonetimsistemi.DatabaseConnectionTest" time="0.902">
    <system-out><![CDATA[20:20:29.480 [main] INFO org.springframework.test.context.support.AnnotationConfigContextLoaderUtils -- Could not detect default configuration classes for test class [com.okulyonetimsistemi.okulyonetimsistemi.DatabaseConnectionTest]: DatabaseConnectionTest does not declare any static, non-private, non-final, nested classes annotated with @Configuration.
20:20:29.705 [main] INFO org.springframework.boot.test.context.SpringBootTestContextBootstrapper -- Found @SpringBootConfiguration com.okulyonetimsistemi.okulyonetimsistemi.OkulyonetimsistemiApplication for test class com.okulyonetimsistemi.okulyonetimsistemi.DatabaseConnectionTest

  .   ____          _            __ _ _
 /\\ / ___'_ __ _ _(_)_ __  __ _ \ \ \ \
( ( )\___ | '_ | '_| | '_ \/ _` | \ \ \ \
 \\/  ___)| |_)| | | | | || (_| |  ) ) ) )
  '  |____| .__|_| |_|_| |_\__, | / / / /
 =========|_|==============|___/=/_/_/_/

 :: Spring Boot ::                (v3.5.0)

2025-06-09T20:20:30.554+03:00 DEBUG 1568 --- [okulyonetimsistemi] [kground-preinit] o.h.v.i.xml.config.ValidationXmlParser   : Trying to load META-INF/validation.xml for XML based Validator configuration.
2025-06-09T20:20:30.559+03:00 DEBUG 1568 --- [okulyonetimsistemi] [kground-preinit] o.h.v.i.xml.config.ResourceLoaderHelper  : Trying to load META-INF/validation.xml via TCCL
2025-06-09T20:20:30.559+03:00 DEBUG 1568 --- [okulyonetimsistemi] [kground-preinit] o.h.v.i.xml.config.ResourceLoaderHelper  : Trying to load META-INF/validation.xml via Hibernate Validator's class loader
2025-06-09T20:20:30.561+03:00 DEBUG 1568 --- [okulyonetimsistemi] [kground-preinit] o.h.v.i.xml.config.ValidationXmlParser   : No META-INF/validation.xml found. Using annotation based configuration only.
2025-06-09T20:20:30.575+03:00 DEBUG 1568 --- [okulyonetimsistemi] [kground-preinit] o.h.v.i.e.resolver.TraversableResolvers  : Found jakarta.persistence.Persistence on classpath containing 'getPersistenceUtil'. Assuming JPA 2 environment. Trying to instantiate JPA aware TraversableResolver
2025-06-09T20:20:30.577+03:00 DEBUG 1568 --- [okulyonetimsistemi] [kground-preinit] o.h.v.i.e.resolver.TraversableResolvers  : Instantiated JPA aware TraversableResolver of type org.hibernate.validator.internal.engine.resolver.JPATraversableResolver.
2025-06-09T20:20:30.606+03:00  INFO 1568 --- [okulyonetimsistemi] [           main] c.o.o.DatabaseConnectionTest             : Starting DatabaseConnectionTest using Java 21.0.2 with PID 1568 (started by yildi in C:\Users\yildi\OneDrive\Masaüstü\okulyonetimsistemi)
2025-06-09T20:20:30.607+03:00 DEBUG 1568 --- [okulyonetimsistemi] [           main] c.o.o.DatabaseConnectionTest             : Running with Spring Boot v3.5.0, Spring v6.2.7
2025-06-09T20:20:30.608+03:00  INFO 1568 --- [okulyonetimsistemi] [           main] c.o.o.DatabaseConnectionTest             : No active profile set, falling back to 1 default profile: "default"
2025-06-09T20:20:30.609+03:00 DEBUG 1568 --- [okulyonetimsistemi] [           main] o.s.boot.SpringApplication               : Loading source class com.okulyonetimsistemi.okulyonetimsistemi.OkulyonetimsistemiApplication
2025-06-09T20:20:30.617+03:00 DEBUG 1568 --- [okulyonetimsistemi] [kground-preinit] .h.v.m.ResourceBundleMessageInterpolator : Loaded expression factory via original TCCL
2025-06-09T20:20:30.651+03:00 DEBUG 1568 --- [okulyonetimsistemi] [           main] o.s.w.c.s.GenericWebApplicationContext   : Refreshing org.springframework.web.context.support.GenericWebApplicationContext@3c818ac4
2025-06-09T20:20:30.678+03:00 DEBUG 1568 --- [okulyonetimsistemi] [           main] o.s.b.f.s.DefaultListableBeanFactory     : Creating shared instance of singleton bean 'org.springframework.context.annotation.internalConfigurationAnnotationProcessor'
2025-06-09T20:20:30.698+03:00 DEBUG 1568 --- [okulyonetimsistemi] [           main] o.s.b.f.s.DefaultListableBeanFactory     : Creating shared instance of singleton bean 'org.springframework.boot.autoconfigure.internalCachingMetadataReaderFactory'
2025-06-09T20:20:30.751+03:00 DEBUG 1568 --- [okulyonetimsistemi] [           main] o.s.c.a.ClassPathBeanDefinitionScanner   : Identified candidate component class: file [C:\Users\yildi\OneDrive\Masaüstü\okulyonetimsistemi\target\classes\com\okulyonetimsistemi\okulyonetimsistemi\config\DatabaseTest.class]
2025-06-09T20:20:30.753+03:00 DEBUG 1568 --- [okulyonetimsistemi] [           main] o.s.c.a.ClassPathBeanDefinitionScanner   : Identified candidate component class: file [C:\Users\yildi\OneDrive\Masaüstü\okulyonetimsistemi\target\classes\com\okulyonetimsistemi\okulyonetimsistemi\config\DataInitializer.class]
2025-06-09T20:20:30.761+03:00 DEBUG 1568 --- [okulyonetimsistemi] [kground-preinit] .i.e.ValidatorFactoryConfigurationHelper : HV000252: Using org.hibernate.validator.internal.engine.DefaultPropertyNodeNameProvider as property node name provider.
2025-06-09T20:20:30.771+03:00 DEBUG 1568 --- [okulyonetimsistemi] [           main] o.s.c.a.ClassPathBeanDefinitionScanner   : Identified candidate component class: file [C:\Users\yildi\OneDrive\Masaüstü\okulyonetimsistemi\target\classes\com\okulyonetimsistemi\okulyonetimsistemi\config\SecurityConfig.class]
2025-06-09T20:20:30.774+03:00 DEBUG 1568 --- [okulyonetimsistemi] [kground-preinit] .i.e.ValidatorFactoryConfigurationHelper : HV000234: Using org.hibernate.validator.messageinterpolation.ResourceBundleMessageInterpolator as ValidatorFactory-scoped message interpolator.
2025-06-09T20:20:30.775+03:00 DEBUG 1568 --- [okulyonetimsistemi] [kground-preinit] .i.e.ValidatorFactoryConfigurationHelper : HV000234: Using org.hibernate.validator.internal.engine.resolver.JPATraversableResolver as ValidatorFactory-scoped traversable resolver.
2025-06-09T20:20:30.776+03:00 DEBUG 1568 --- [okulyonetimsistemi] [kground-preinit] .i.e.ValidatorFactoryConfigurationHelper : HV000234: Using org.hibernate.validator.internal.util.ExecutableParameterNameProvider as ValidatorFactory-scoped parameter name provider.
2025-06-09T20:20:30.776+03:00 DEBUG 1568 --- [okulyonetimsistemi] [kground-preinit] .i.e.ValidatorFactoryConfigurationHelper : HV000234: Using org.hibernate.validator.internal.engine.DefaultClockProvider as ValidatorFactory-scoped clock provider.
2025-06-09T20:20:30.776+03:00 DEBUG 1568 --- [okulyonetimsistemi] [kground-preinit] .i.e.ValidatorFactoryConfigurationHelper : HV000234: Using org.hibernate.validator.internal.engine.scripting.DefaultScriptEvaluatorFactory as ValidatorFactory-scoped script evaluator factory.
2025-06-09T20:20:30.799+03:00 DEBUG 1568 --- [okulyonetimsistemi] [           main] o.s.c.a.ClassPathBeanDefinitionScanner   : Identified candidate component class: file [C:\Users\yildi\OneDrive\Masaüstü\okulyonetimsistemi\target\classes\com\okulyonetimsistemi\okulyonetimsistemi\controller\ClassController.class]
2025-06-09T20:20:30.802+03:00 DEBUG 1568 --- [okulyonetimsistemi] [           main] o.s.c.a.ClassPathBeanDefinitionScanner   : Identified candidate component class: file [C:\Users\yildi\OneDrive\Masaüstü\okulyonetimsistemi\target\classes\com\okulyonetimsistemi\okulyonetimsistemi\controller\StudentController.class]
2025-06-09T20:20:30.804+03:00 DEBUG 1568 --- [okulyonetimsistemi] [           main] o.s.c.a.ClassPathBeanDefinitionScanner   : Identified candidate component class: file [C:\Users\yildi\OneDrive\Masaüstü\okulyonetimsistemi\target\classes\com\okulyonetimsistemi\okulyonetimsistemi\controller\TeacherController.class]
2025-06-09T20:20:30.814+03:00 DEBUG 1568 --- [okulyonetimsistemi] [           main] o.s.c.a.ClassPathBeanDefinitionScanner   : Ignored because not a concrete top-level class: file [C:\Users\yildi\OneDrive\Masaüstü\okulyonetimsistemi\target\classes\com\okulyonetimsistemi\okulyonetimsistemi\repository\ClassRepository.class]
2025-06-09T20:20:30.816+03:00 DEBUG 1568 --- [okulyonetimsistemi] [           main] o.s.c.a.ClassPathBeanDefinitionScanner   : Ignored because not a concrete top-level class: file [C:\Users\yildi\OneDrive\Masaüstü\okulyonetimsistemi\target\classes\com\okulyonetimsistemi\okulyonetimsistemi\repository\StudentRepository.class]
2025-06-09T20:20:30.817+03:00 DEBUG 1568 --- [okulyonetimsistemi] [           main] o.s.c.a.ClassPathBeanDefinitionScanner   : Ignored because not a concrete top-level class: file [C:\Users\yildi\OneDrive\Masaüstü\okulyonetimsistemi\target\classes\com\okulyonetimsistemi\okulyonetimsistemi\repository\TeacherRepository.class]
2025-06-09T20:20:30.822+03:00 DEBUG 1568 --- [okulyonetimsistemi] [           main] o.s.c.a.ClassPathBeanDefinitionScanner   : Identified candidate component class: file [C:\Users\yildi\OneDrive\Masaüstü\okulyonetimsistemi\target\classes\com\okulyonetimsistemi\okulyonetimsistemi\service\ClassService.class]
2025-06-09T20:20:30.827+03:00 DEBUG 1568 --- [okulyonetimsistemi] [           main] o.s.c.a.ClassPathBeanDefinitionScanner   : Identified candidate component class: file [C:\Users\yildi\OneDrive\Masaüstü\okulyonetimsistemi\target\classes\com\okulyonetimsistemi\okulyonetimsistemi\service\impl\StudentServiceImpl.class]
2025-06-09T20:20:30.830+03:00 DEBUG 1568 --- [okulyonetimsistemi] [           main] o.s.c.a.ClassPathBeanDefinitionScanner   : Identified candidate component class: file [C:\Users\yildi\OneDrive\Masaüstü\okulyonetimsistemi\target\classes\com\okulyonetimsistemi\okulyonetimsistemi\service\TeacherService.class]
2025-06-09T20:20:32.164+03:00  INFO 1568 --- [okulyonetimsistemi] [           main] .s.d.r.c.RepositoryConfigurationDelegate : Bootstrapping Spring Data JPA repositories in DEFAULT mode.
2025-06-09T20:20:32.194+03:00 DEBUG 1568 --- [okulyonetimsistemi] [           main] o.s.b.f.s.DefaultListableBeanFactory     : Creating shared instance of singleton bean 'org.springframework.boot.autoconfigure.AutoConfigurationPackages'
2025-06-09T20:20:32.224+03:00 DEBUG 1568 --- [okulyonetimsistemi] [           main] o.s.b.a.AutoConfigurationPackages        : @EnableAutoConfiguration was declared on a class in the package 'com.okulyonetimsistemi.okulyonetimsistemi'. Automatic @Repository and @Entity scanning is enabled.
2025-06-09T20:20:32.227+03:00 DEBUG 1568 --- [okulyonetimsistemi] [           main] .s.d.r.c.RepositoryConfigurationDelegate : Scanning for JPA repositories in packages com.okulyonetimsistemi.okulyonetimsistemi.
2025-06-09T20:20:32.271+03:00 DEBUG 1568 --- [okulyonetimsistemi] [           main] o.s.d.r.c.RepositoryComponentProvider    : Identified candidate component class: file [C:\Users\yildi\OneDrive\Masaüstü\okulyonetimsistemi\target\classes\com\okulyonetimsistemi\okulyonetimsistemi\repository\ClassRepository.class]
2025-06-09T20:20:32.272+03:00 DEBUG 1568 --- [okulyonetimsistemi] [           main] o.s.d.r.c.RepositoryComponentProvider    : Identified candidate component class: file [C:\Users\yildi\OneDrive\Masaüstü\okulyonetimsistemi\target\classes\com\okulyonetimsistemi\okulyonetimsistemi\repository\StudentRepository.class]
2025-06-09T20:20:32.273+03:00 DEBUG 1568 --- [okulyonetimsistemi] [           main] o.s.d.r.c.RepositoryComponentProvider    : Identified candidate component class: file [C:\Users\yildi\OneDrive\Masaüstü\okulyonetimsistemi\target\classes\com\okulyonetimsistemi\okulyonetimsistemi\repository\TeacherRepository.class]
2025-06-09T20:20:32.577+03:00 DEBUG 1568 --- [okulyonetimsistemi] [           main] ssPathScanningCandidateComponentProvider : Identified candidate component class: file [C:\Users\yildi\OneDrive\Masaüstü\okulyonetimsistemi\target\classes\com\okulyonetimsistemi\okulyonetimsistemi\service\impl\StudentServiceImpl.class]
2025-06-09T20:20:32.611+03:00  INFO 1568 --- [okulyonetimsistemi] [           main] .s.d.r.c.RepositoryConfigurationDelegate : Finished Spring Data repository scanning in 380 ms. Found 3 JPA repository interfaces.
2025-06-09T20:20:32.925+03:00 DEBUG 1568 --- [okulyonetimsistemi] [           main] o.s.b.f.s.DefaultListableBeanFactory     : Creating shared instance of singleton bean 'springSecurityPathPatternParserBeanDefinitionRegistryPostProcessor'
2025-06-09T20:20:32.928+03:00 DEBUG 1568 --- [okulyonetimsistemi] [           main] o.s.b.f.s.DefaultListableBeanFactory     : Creating shared instance of singleton bean 'springSecurityHandlerMappingIntrospectorBeanDefinitionRegistryPostProcessor'
2025-06-09T20:20:32.930+03:00 DEBUG 1568 --- [okulyonetimsistemi] [           main] o.s.b.f.s.DefaultListableBeanFactory     : Creating shared instance of singleton bean 'DefaultConfiguringBeanFactoryPostProcessor'
2025-06-09T20:20:32.935+03:00 DEBUG 1568 --- [okulyonetimsistemi] [           main] faultConfiguringBeanFactoryPostProcessor : SpEL function '#xpath' isn't registered: there is no spring-integration-xml.jar on the classpath.
2025-06-09T20:20:32.936+03:00 DEBUG 1568 --- [okulyonetimsistemi] [           main] o.s.b.f.s.DefaultListableBeanFactory     : Creating shared instance of singleton bean 'integrationConfigurationBeanFactoryPostProcessor'
2025-06-09T20:20:32.936+03:00 DEBUG 1568 --- [okulyonetimsistemi] [           main] o.s.b.f.s.DefaultListableBeanFactory     : Creating shared instance of singleton bean 'org.springframework.integration.internalMessagingAnnotationPostProcessor'
2025-06-09T20:20:32.955+03:00  INFO 1568 --- [okulyonetimsistemi] [           main] faultConfiguringBeanFactoryPostProcessor : No bean named 'errorChannel' has been explicitly defined. Therefore, a default PublishSubscribeChannel will be created.
2025-06-09T20:20:32.983+03:00  INFO 1568 --- [okulyonetimsistemi] [           main] faultConfiguringBeanFactoryPostProcessor : No bean named 'integrationHeaderChannelRegistry' has been explicitly defined. Therefore, a default DefaultHeaderChannelRegistry will be created.
2025-06-09T20:20:33.195+03:00 DEBUG 1568 --- [okulyonetimsistemi] [           main] o.s.b.f.s.DefaultListableBeanFactory     : Creating shared instance of singleton bean 'propertySourcesPlaceholderConfigurer'
2025-06-09T20:20:33.208+03:00 DEBUG 1568 --- [okulyonetimsistemi] [           main] o.s.b.f.s.DefaultListableBeanFactory     : Creating shared instance of singleton bean 'org.springframework.boot.test.mock.mockito.MockitoPostProcessor'
2025-06-09T20:20:33.213+03:00 DEBUG 1568 --- [okulyonetimsistemi] [           main] o.s.b.f.s.DefaultListableBeanFactory     : Creating shared instance of singleton bean 'emBeanDefinitionRegistrarPostProcessor'
2025-06-09T20:20:33.214+03:00 DEBUG 1568 --- [okulyonetimsistemi] [           main] o.s.b.f.s.DefaultListableBeanFactory     : Creating shared instance of singleton bean 'org.springframework.boot.sql.init.dependency.DatabaseInitializationDependencyConfigurer$DependsOnDatabaseInitializationPostProcessor'
2025-06-09T20:20:33.331+03:00 DEBUG 1568 --- [okulyonetimsistemi] [           main] o.s.b.f.s.DefaultListableBeanFactory     : Creating shared instance of singleton bean 'org.springframework.context.event.internalEventListenerProcessor'
2025-06-09T20:20:33.335+03:00 DEBUG 1568 --- [okulyonetimsistemi] [           main] o.s.b.f.s.DefaultListableBeanFactory     : Creating shared instance of singleton bean 'conversionServicePostProcessor'
2025-06-09T20:20:33.351+03:00 DEBUG 1568 --- [okulyonetimsistemi] [           main] o.s.b.f.s.DefaultListableBeanFactory     : Creating shared instance of singleton bean 'bootstrapExecutorAliasPostProcessor'
2025-06-09T20:20:33.352+03:00 DEBUG 1568 --- [okulyonetimsistemi] [           main] o.s.b.f.s.DefaultListableBeanFactory     : Creating shared instance of singleton bean 'preserveErrorControllerTargetClassPostProcessor'
2025-06-09T20:20:33.354+03:00 DEBUG 1568 --- [okulyonetimsistemi] [           main] o.s.b.f.s.DefaultListableBeanFactory     : Creating shared instance of singleton bean 'org.springframework.context.event.internalEventListenerFactory'
2025-06-09T20:20:33.355+03:00 DEBUG 1568 --- [okulyonetimsistemi] [           main] o.s.b.f.s.DefaultListableBeanFactory     : Creating shared instance of singleton bean 'org.springframework.transaction.config.internalTransactionalEventListenerFactory'
2025-06-09T20:20:33.363+03:00 DEBUG 1568 --- [okulyonetimsistemi] [           main] o.s.b.f.s.DefaultListableBeanFactory     : Creating shared instance of singleton bean 'org.springframework.boot.test.mock.mockito.MockitoPostProcessor$SpyPostProcessor'
2025-06-09T20:20:33.364+03:00 DEBUG 1568 --- [okulyonetimsistemi] [           main] o.s.b.f.s.DefaultListableBeanFactory     : Creating shared instance of singleton bean 'org.springframework.context.annotation.internalAutowiredAnnotationProcessor'
2025-06-09T20:20:33.368+03:00 DEBUG 1568 --- [okulyonetimsistemi] [           main] o.s.b.f.s.DefaultListableBeanFactory     : Creating shared instance of singleton bean 'org.springframework.context.annotation.internalCommonAnnotationProcessor'
2025-06-09T20:20:33.378+03:00 DEBUG 1568 --- [okulyonetimsistemi] [           main] o.s.b.f.s.DefaultListableBeanFactory     : Creating shared instance of singleton bean 'org.springframework.context.annotation.internalPersistenceAnnotationProcessor'
2025-06-09T20:20:33.380+03:00 DEBUG 1568 --- [okulyonetimsistemi] [           main] o.s.b.f.s.DefaultListableBeanFactory     : Creating shared instance of singleton bean 'org.springframework.boot.context.properties.ConfigurationPropertiesBindingPostProcessor'
2025-06-09T20:20:33.382+03:00 DEBUG 1568 --- [okulyonetimsistemi] [           main] o.s.b.f.s.DefaultListableBeanFactory     : Creating shared instance of singleton bean 'org.springframework.boot.context.internalConfigurationPropertiesBinder'
2025-06-09T20:20:33.387+03:00 DEBUG 1568 --- [okulyonetimsistemi] [           main] o.s.b.f.s.DefaultListableBeanFactory     : Creating shared instance of singleton bean 'jdbcConnectionDetailsHikariBeanPostProcessor'
2025-06-09T20:20:33.395+03:00 DEBUG 1568 --- [okulyonetimsistemi] [           main] o.s.b.f.s.DefaultListableBeanFactory     : Creating shared instance of singleton bean 'methodValidationPostProcessor'
2025-06-09T20:20:33.401+03:00 DEBUG 1568 --- [okulyonetimsistemi] [           main] o.s.b.f.s.DefaultListableBeanFactory     : Autowiring by type from bean name 'methodValidationPostProcessor' via factory method to bean named 'environment'
2025-06-09T20:20:33.437+03:00 DEBUG 1568 --- [okulyonetimsistemi] [           main] o.s.b.f.s.DefaultListableBeanFactory     : Creating shared instance of singleton bean 'org.springframework.boot.context.properties.EnableConfigurationPropertiesRegistrar.methodValidationExcludeFilter'
2025-06-09T20:20:33.482+03:00 DEBUG 1568 --- [okulyonetimsistemi] [           main] o.s.b.f.s.DefaultListableBeanFactory     : Creating shared instance of singleton bean 'org.springframework.aop.config.internalAutoProxyCreator'
2025-06-09T20:20:33.519+03:00 DEBUG 1568 --- [okulyonetimsistemi] [           main] o.s.b.f.s.DefaultListableBeanFactory     : Creating shared instance of singleton bean 'persistenceExceptionTranslationPostProcessor'
2025-06-09T20:20:33.520+03:00 DEBUG 1568 --- [okulyonetimsistemi] [           main] o.s.b.f.s.DefaultListableBeanFactory     : Autowiring by type from bean name 'persistenceExceptionTranslationPostProcessor' via factory method to bean named 'environment'
2025-06-09T20:20:33.524+03:00 DEBUG 1568 --- [okulyonetimsistemi] [           main] o.s.b.f.s.DefaultListableBeanFactory     : Creating shared instance of singleton bean 'webServerFactoryCustomizerBeanPostProcessor'
2025-06-09T20:20:33.527+03:00 DEBUG 1568 --- [okulyonetimsistemi] [           main] o.s.b.f.s.DefaultListableBeanFactory     : Creating shared instance of singleton bean 'errorPageRegistrarBeanPostProcessor'
2025-06-09T20:20:33.529+03:00 DEBUG 1568 --- [okulyonetimsistemi] [           main] o.s.b.f.s.DefaultListableBeanFactory     : Creating shared instance of singleton bean 'projectingArgumentResolverBeanPostProcessor'
2025-06-09T20:20:33.535+03:00 DEBUG 1568 --- [okulyonetimsistemi] [           main] o.s.b.f.s.DefaultListableBeanFactory     : Creating shared instance of singleton bean 'org.springframework.transaction.config.internalTransactionAdvisor'
2025-06-09T20:20:33.537+03:00 DEBUG 1568 --- [okulyonetimsistemi] [           main] o.s.b.f.s.DefaultListableBeanFactory     : Creating shared instance of singleton bean 'org.springframework.transaction.annotation.ProxyTransactionManagementConfiguration'
2025-06-09T20:20:33.562+03:00 DEBUG 1568 --- [okulyonetimsistemi] [           main] o.s.b.f.s.DefaultListableBeanFactory     : Creating shared instance of singleton bean 'transactionAttributeSource'
2025-06-09T20:20:33.567+03:00 DEBUG 1568 --- [okulyonetimsistemi] [           main] o.s.b.f.s.DefaultListableBeanFactory     : Creating shared instance of singleton bean 'transactionInterceptor'
2025-06-09T20:20:33.567+03:00 DEBUG 1568 --- [okulyonetimsistemi] [           main] o.s.b.f.s.DefaultListableBeanFactory     : Autowiring by type from bean name 'transactionInterceptor' via factory method to bean named 'transactionAttributeSource'
2025-06-09T20:20:33.577+03:00 DEBUG 1568 --- [okulyonetimsistemi] [           main] o.s.b.f.s.DefaultListableBeanFactory     : Autowiring by type from bean name 'org.springframework.transaction.config.internalTransactionAdvisor' via factory method to bean named 'transactionAttributeSource'
2025-06-09T20:20:33.577+03:00 DEBUG 1568 --- [okulyonetimsistemi] [           main] o.s.b.f.s.DefaultListableBeanFactory     : Autowiring by type from bean name 'org.springframework.transaction.config.internalTransactionAdvisor' via factory method to bean named 'transactionInterceptor'
2025-06-09T20:20:33.632+03:00 DEBUG 1568 --- [okulyonetimsistemi] [           main] o.s.b.f.s.DefaultListableBeanFactory     : Creating shared instance of singleton bean 'integrationManagementConfigurer'
2025-06-09T20:20:33.634+03:00 DEBUG 1568 --- [okulyonetimsistemi] [           main] o.s.b.f.s.DefaultListableBeanFactory     : Creating shared instance of singleton bean 'org.springframework.integration.config.IntegrationManagementConfiguration'
2025-06-09T20:20:33.635+03:00 DEBUG 1568 --- [okulyonetimsistemi] [           main] o.s.b.f.s.DefaultListableBeanFactory     : Creating shared instance of singleton bean 'controlBusCommandRegistry'
2025-06-09T20:20:33.642+03:00 DEBUG 1568 --- [okulyonetimsistemi] [           main] o.s.b.f.s.DefaultListableBeanFactory     : Autowiring by type from bean name 'org.springframework.integration.config.IntegrationManagementConfiguration' via constructor to bean named 'controlBusCommandRegistry'
2025-06-09T20:20:33.653+03:00 DEBUG 1568 --- [okulyonetimsistemi] [           main] o.s.b.f.s.DefaultListableBeanFactory     : Creating shared instance of singleton bean 'org.springframework.integration.config.MessagingAnnotationBeanPostProcessor'
2025-06-09T20:20:33.656+03:00 DEBUG 1568 --- [okulyonetimsistemi] [           main] o.s.b.f.s.DefaultListableBeanFactory     : Creating shared instance of singleton bean 'gatewayProxyBeanDefinitionPostProcessor'
2025-06-09T20:20:33.660+03:00 DEBUG 1568 --- [okulyonetimsistemi] [           main] o.s.b.f.s.DefaultListableBeanFactory     : Creating shared instance of singleton bean 'globalChannelInterceptorProcessor'
2025-06-09T20:20:33.666+03:00 DEBUG 1568 --- [okulyonetimsistemi] [           main] o.s.b.f.s.DefaultListableBeanFactory     : Creating shared instance of singleton bean 'org.springframework.integration.dsl.context.IntegrationFlowBeanPostProcessor'
2025-06-09T20:20:33.688+03:00 DEBUG 1568 --- [okulyonetimsistemi] [           main] o.s.b.f.s.DefaultListableBeanFactory     : Creating shared instance of singleton bean 'org.springframework.integration.dsl.BaseIntegrationFlowDefinition$ReplyProducerCleaner'
2025-06-09T20:20:33.696+03:00 DEBUG 1568 --- [okulyonetimsistemi] [           main] o.s.u.c.s.UiApplicationContextUtils      : Unable to locate ThemeSource with name 'themeSource': using default [org.springframework.ui.context.support.ResourceBundleThemeSource@b5ac0c1]
2025-06-09T20:20:33.699+03:00 DEBUG 1568 --- [okulyonetimsistemi] [           main] o.s.b.f.s.DefaultListableBeanFactory     : Creating shared instance of singleton bean 'applicationTaskExecutor'
2025-06-09T20:20:33.699+03:00 DEBUG 1568 --- [okulyonetimsistemi] [           main] o.s.b.f.s.DefaultListableBeanFactory     : Creating shared instance of singleton bean 'org.springframework.boot.autoconfigure.task.TaskExecutorConfigurations$TaskExecutorConfiguration'
2025-06-09T20:20:33.704+03:00 DEBUG 1568 --- [okulyonetimsistemi] [           main] o.s.b.f.s.DefaultListableBeanFactory     : Creating shared instance of singleton bean 'threadPoolTaskExecutorBuilder'
2025-06-09T20:20:33.706+03:00 DEBUG 1568 --- [okulyonetimsistemi] [           main] o.s.b.f.s.DefaultListableBeanFactory     : Creating shared instance of singleton bean 'org.springframework.boot.autoconfigure.task.TaskExecutorConfigurations$ThreadPoolTaskExecutorBuilderConfiguration'
2025-06-09T20:20:33.711+03:00 DEBUG 1568 --- [okulyonetimsistemi] [           main] o.s.b.f.s.DefaultListableBeanFactory     : Creating shared instance of singleton bean 'spring.task.execution-org.springframework.boot.autoconfigure.task.TaskExecutionProperties'
2025-06-09T20:20:33.714+03:00 DEBUG 1568 --- [okulyonetimsistemi] [           main] o.s.b.f.s.DefaultListableBeanFactory     : Creating shared instance of singleton bean 'org.springframework.boot.context.properties.BoundConfigurationProperties'
2025-06-09T20:20:33.734+03:00 DEBUG 1568 --- [okulyonetimsistemi] [           main] o.s.b.f.s.DefaultListableBeanFactory     : Autowiring by type from bean name 'threadPoolTaskExecutorBuilder' via factory method to bean named 'spring.task.execution-org.springframework.boot.autoconfigure.task.TaskExecutionProperties'
2025-06-09T20:20:33.772+03:00 DEBUG 1568 --- [okulyonetimsistemi] [           main] o.s.b.f.s.DefaultListableBeanFactory     : Autowiring by type from bean name 'applicationTaskExecutor' via factory method to bean named 'threadPoolTaskExecutorBuilder'
2025-06-09T20:20:33.794+03:00 DEBUG 1568 --- [okulyonetimsistemi] [           main] o.s.s.concurrent.ThreadPoolTaskExecutor  : Initializing ExecutorService 'applicationTaskExecutor'
2025-06-09T20:20:33.807+03:00 DEBUG 1568 --- [okulyonetimsistemi] [           main] o.s.b.f.s.DefaultListableBeanFactory     : Creating shared instance of singleton bean 'org.springframework.test.context.support.internalDynamicPropertyRegistrarBeanInitializer'
2025-06-09T20:20:33.815+03:00 DEBUG 1568 --- [okulyonetimsistemi] [           main] o.s.b.f.s.DefaultListableBeanFactory     : Creating shared instance of singleton bean 'dataSourceScriptDatabaseInitializer'
2025-06-09T20:20:33.816+03:00 DEBUG 1568 --- [okulyonetimsistemi] [           main] o.s.b.f.s.DefaultListableBeanFactory     : Creating shared instance of singleton bean 'org.springframework.boot.autoconfigure.sql.init.DataSourceInitializationConfiguration'
2025-06-09T20:20:33.820+03:00 DEBUG 1568 --- [okulyonetimsistemi] [           main] o.s.b.f.s.DefaultListableBeanFactory     : Creating shared instance of singleton bean 'dataSource'
2025-06-09T20:20:33.820+03:00 DEBUG 1568 --- [okulyonetimsistemi] [           main] o.s.b.f.s.DefaultListableBeanFactory     : Creating shared instance of singleton bean 'org.springframework.boot.autoconfigure.jdbc.DataSourceConfiguration$Hikari'
2025-06-09T20:20:33.823+03:00 DEBUG 1568 --- [okulyonetimsistemi] [           main] o.s.b.f.s.DefaultListableBeanFactory     : Creating shared instance of singleton bean 'spring.datasource-org.springframework.boot.autoconfigure.jdbc.DataSourceProperties'
2025-06-09T20:20:33.843+03:00 DEBUG 1568 --- [okulyonetimsistemi] [           main] o.s.b.f.s.DefaultListableBeanFactory     : Creating shared instance of singleton bean 'jdbcConnectionDetails'
2025-06-09T20:20:33.844+03:00 DEBUG 1568 --- [okulyonetimsistemi] [           main] o.s.b.f.s.DefaultListableBeanFactory     : Creating shared instance of singleton bean 'org.springframework.boot.autoconfigure.jdbc.DataSourceAutoConfiguration$PooledDataSourceConfiguration'
2025-06-09T20:20:33.847+03:00 DEBUG 1568 --- [okulyonetimsistemi] [           main] o.s.b.f.s.DefaultListableBeanFactory     : Autowiring by type from bean name 'jdbcConnectionDetails' via factory method to bean named 'spring.datasource-org.springframework.boot.autoconfigure.jdbc.DataSourceProperties'
2025-06-09T20:20:33.850+03:00 DEBUG 1568 --- [okulyonetimsistemi] [           main] o.s.b.f.s.DefaultListableBeanFactory     : Autowiring by type from bean name 'dataSource' via factory method to bean named 'spring.datasource-org.springframework.boot.autoconfigure.jdbc.DataSourceProperties'
2025-06-09T20:20:33.850+03:00 DEBUG 1568 --- [okulyonetimsistemi] [           main] o.s.b.f.s.DefaultListableBeanFactory     : Autowiring by type from bean name 'dataSource' via factory method to bean named 'jdbcConnectionDetails'
2025-06-09T20:20:33.850+03:00 DEBUG 1568 --- [okulyonetimsistemi] [           main] o.s.b.f.s.DefaultListableBeanFactory     : Autowiring by type from bean name 'dataSource' via factory method to bean named 'environment'
2025-06-09T20:20:33.900+03:00 DEBUG 1568 --- [okulyonetimsistemi] [           main] o.s.b.f.s.DefaultListableBeanFactory     : Creating shared instance of singleton bean 'spring.sql.init-org.springframework.boot.autoconfigure.sql.init.SqlInitializationProperties'
2025-06-09T20:20:33.908+03:00 DEBUG 1568 --- [okulyonetimsistemi] [           main] o.s.b.f.s.DefaultListableBeanFactory     : Autowiring by type from bean name 'dataSourceScriptDatabaseInitializer' via factory method to bean named 'dataSource'
2025-06-09T20:20:33.909+03:00 DEBUG 1568 --- [okulyonetimsistemi] [           main] o.s.b.f.s.DefaultListableBeanFactory     : Autowiring by type from bean name 'dataSourceScriptDatabaseInitializer' via factory method to bean named 'spring.sql.init-org.springframework.boot.autoconfigure.sql.init.SqlInitializationProperties'
2025-06-09T20:20:33.928+03:00 DEBUG 1568 --- [okulyonetimsistemi] [           main] o.s.b.f.s.DefaultListableBeanFactory     : Creating shared instance of singleton bean 'entityManagerFactory'
2025-06-09T20:20:33.929+03:00 DEBUG 1568 --- [okulyonetimsistemi] [           main] o.s.b.f.s.DefaultListableBeanFactory     : Creating shared instance of singleton bean 'org.springframework.boot.autoconfigure.orm.jpa.HibernateJpaConfiguration'
2025-06-09T20:20:33.934+03:00 DEBUG 1568 --- [okulyonetimsistemi] [           main] o.s.b.f.s.DefaultListableBeanFactory     : Creating shared instance of singleton bean 'spring.jpa-org.springframework.boot.autoconfigure.orm.jpa.JpaProperties'
2025-06-09T20:20:33.955+03:00 DEBUG 1568 --- [okulyonetimsistemi] [           main] o.s.b.f.s.DefaultListableBeanFactory     : Creating shared instance of singleton bean 'spring.jpa.hibernate-org.springframework.boot.autoconfigure.orm.jpa.HibernateProperties'
2025-06-09T20:20:33.962+03:00 DEBUG 1568 --- [okulyonetimsistemi] [           main] o.s.b.f.s.DefaultListableBeanFactory     : Autowiring by type from bean name 'org.springframework.boot.autoconfigure.orm.jpa.HibernateJpaConfiguration' via constructor to bean named 'dataSource'
2025-06-09T20:20:33.962+03:00 DEBUG 1568 --- [okulyonetimsistemi] [           main] o.s.b.f.s.DefaultListableBeanFactory     : Autowiring by type from bean name 'org.springframework.boot.autoconfigure.orm.jpa.HibernateJpaConfiguration' via constructor to bean named 'spring.jpa-org.springframework.boot.autoconfigure.orm.jpa.JpaProperties'
2025-06-09T20:20:33.962+03:00 DEBUG 1568 --- [okulyonetimsistemi] [           main] o.s.b.f.s.DefaultListableBeanFactory     : Autowiring by type from bean name 'org.springframework.boot.autoconfigure.orm.jpa.HibernateJpaConfiguration' via constructor to bean named 'org.springframework.beans.factory.support.DefaultListableBeanFactory@18a645fd'
2025-06-09T20:20:33.962+03:00 DEBUG 1568 --- [okulyonetimsistemi] [           main] o.s.b.f.s.DefaultListableBeanFactory     : Autowiring by type from bean name 'org.springframework.boot.autoconfigure.orm.jpa.HibernateJpaConfiguration' via constructor to bean named 'spring.jpa.hibernate-org.springframework.boot.autoconfigure.orm.jpa.HibernateProperties'
2025-06-09T20:20:33.973+03:00 DEBUG 1568 --- [okulyonetimsistemi] [           main] o.s.b.f.s.DefaultListableBeanFactory     : Creating shared instance of singleton bean 'hikariPoolDataSourceMetadataProvider'
2025-06-09T20:20:33.974+03:00 DEBUG 1568 --- [okulyonetimsistemi] [           main] o.s.b.f.s.DefaultListableBeanFactory     : Creating shared instance of singleton bean 'org.springframework.boot.autoconfigure.jdbc.metadata.DataSourcePoolMetadataProvidersConfiguration$HikariPoolDataSourceMetadataProviderConfiguration'
2025-06-09T20:20:33.990+03:00 DEBUG 1568 --- [okulyonetimsistemi] [           main] o.s.b.f.s.DefaultListableBeanFactory     : Creating shared instance of singleton bean 'entityManagerFactoryBuilder'
2025-06-09T20:20:33.994+03:00 DEBUG 1568 --- [okulyonetimsistemi] [           main] o.s.b.f.s.DefaultListableBeanFactory     : Creating shared instance of singleton bean 'jpaVendorAdapter'
2025-06-09T20:20:34.032+03:00 DEBUG 1568 --- [okulyonetimsistemi] [           main] o.s.b.f.s.DefaultListableBeanFactory     : Autowiring by type from bean name 'entityManagerFactoryBuilder' via factory method to bean named 'jpaVendorAdapter'
2025-06-09T20:20:34.040+03:00 DEBUG 1568 --- [okulyonetimsistemi] [           main] o.s.b.f.s.DefaultListableBeanFactory     : Creating shared instance of singleton bean 'persistenceManagedTypes'
2025-06-09T20:20:34.042+03:00 DEBUG 1568 --- [okulyonetimsistemi] [           main] o.s.b.f.s.DefaultListableBeanFactory     : Autowiring by type from bean name 'persistenceManagedTypes' via factory method to bean named 'org.springframework.beans.factory.support.DefaultListableBeanFactory@18a645fd'
2025-06-09T20:20:34.042+03:00 DEBUG 1568 --- [okulyonetimsistemi] [           main] o.s.b.f.s.DefaultListableBeanFactory     : Autowiring by type from bean name 'persistenceManagedTypes' via factory method to bean named 'org.springframework.web.context.support.GenericWebApplicationContext@3c818ac4'
2025-06-09T20:20:34.071+03:00 DEBUG 1568 --- [okulyonetimsistemi] [           main] o.s.b.f.s.DefaultListableBeanFactory     : Autowiring by type from bean name 'entityManagerFactory' via factory method to bean named 'entityManagerFactoryBuilder'
2025-06-09T20:20:34.072+03:00 DEBUG 1568 --- [okulyonetimsistemi] [           main] o.s.b.f.s.DefaultListableBeanFactory     : Autowiring by type from bean name 'entityManagerFactory' via factory method to bean named 'persistenceManagedTypes'
2025-06-09T20:20:34.137+03:00 DEBUG 1568 --- [okulyonetimsistemi] [           main] j.LocalContainerEntityManagerFactoryBean : Building JPA container EntityManagerFactory for persistence unit 'default'
2025-06-09T20:20:34.200+03:00 DEBUG 1568 --- [okulyonetimsistemi] [           main] o.hibernate.jpa.internal.util.LogHelper  : PersistenceUnitInfo [
	name: default
	persistence provider classname: null
	classloader: jdk.internal.loader.ClassLoaders$AppClassLoader@33909752
	excludeUnlistedClasses: true
	JTA datasource: null
	Non JTA datasource: HikariDataSource (null)
	Transaction type: RESOURCE_LOCAL
	PU root URL: file:/C:/Users/yildi/OneDrive/Masa%C3%BCst%C3%BC/okulyonetimsistemi/target/test-classes/
	Shared Cache Mode: UNSPECIFIED
	Validation Mode: AUTO
	Jar files URLs []
	Managed classes names [
		com.okulyonetimsistemi.okulyonetimsistemi.model.Class
		com.okulyonetimsistemi.okulyonetimsistemi.model.Student
		com.okulyonetimsistemi.okulyonetimsistemi.model.Teacher]
	Mapping files names []
	Properties []
2025-06-09T20:20:34.228+03:00 DEBUG 1568 --- [okulyonetimsistemi] [           main] o.h.i.internal.IntegratorServiceImpl     : Adding Integrator [org.hibernate.boot.beanvalidation.BeanValidationIntegrator].
2025-06-09T20:20:34.235+03:00 DEBUG 1568 --- [okulyonetimsistemi] [           main] o.h.i.internal.IntegratorServiceImpl     : Adding Integrator [org.hibernate.cache.internal.CollectionCacheInvalidator].
2025-06-09T20:20:34.480+03:00  INFO 1568 --- [okulyonetimsistemi] [           main] org.hibernate.Version                    : HHH000412: Hibernate ORM core version 6.6.15.Final
2025-06-09T20:20:34.487+03:00 DEBUG 1568 --- [okulyonetimsistemi] [           main] org.hibernate.cfg.Environment            : HHH000206: 'hibernate.properties' not found
2025-06-09T20:20:34.591+03:00 DEBUG 1568 --- [okulyonetimsistemi] [           main] org.hibernate.orm.idgen.factory          : Registering IdentifierGenerator strategy [uuid2] -> [org.hibernate.id.UUIDGenerator]
2025-06-09T20:20:34.594+03:00 DEBUG 1568 --- [okulyonetimsistemi] [           main] org.hibernate.orm.idgen.factory          : Registering IdentifierGenerator strategy [guid] -> [org.hibernate.id.GUIDGenerator]
2025-06-09T20:20:34.598+03:00 DEBUG 1568 --- [okulyonetimsistemi] [           main] org.hibernate.orm.idgen.factory          : Registering IdentifierGenerator strategy [uuid] -> [org.hibernate.id.UUIDHexGenerator]
2025-06-09T20:20:34.598+03:00 DEBUG 1568 --- [okulyonetimsistemi] [           main] org.hibernate.orm.idgen.factory          : Registering IdentifierGenerator strategy [uuid.hex] -> [org.hibernate.id.UUIDHexGenerator]
2025-06-09T20:20:34.600+03:00 DEBUG 1568 --- [okulyonetimsistemi] [           main] org.hibernate.orm.idgen.factory          : Registering IdentifierGenerator strategy [assigned] -> [org.hibernate.id.Assigned]
2025-06-09T20:20:34.603+03:00 DEBUG 1568 --- [okulyonetimsistemi] [           main] org.hibernate.orm.idgen.factory          : Registering IdentifierGenerator strategy [identity] -> [org.hibernate.id.IdentityGenerator]
2025-06-09T20:20:34.605+03:00 DEBUG 1568 --- [okulyonetimsistemi] [           main] org.hibernate.orm.idgen.factory          : Registering IdentifierGenerator strategy [select] -> [org.hibernate.id.SelectGenerator]
2025-06-09T20:20:34.608+03:00 DEBUG 1568 --- [okulyonetimsistemi] [           main] org.hibernate.orm.idgen.factory          : Registering IdentifierGenerator strategy [sequence] -> [org.hibernate.id.enhanced.SequenceStyleGenerator]
2025-06-09T20:20:34.612+03:00 DEBUG 1568 --- [okulyonetimsistemi] [           main] org.hibernate.orm.idgen.factory          : Registering IdentifierGenerator strategy [increment] -> [org.hibernate.id.IncrementGenerator]
2025-06-09T20:20:34.615+03:00 DEBUG 1568 --- [okulyonetimsistemi] [           main] org.hibernate.orm.idgen.factory          : Registering IdentifierGenerator strategy [foreign] -> [org.hibernate.id.ForeignGenerator]
2025-06-09T20:20:34.615+03:00 DEBUG 1568 --- [okulyonetimsistemi] [           main] org.hibernate.orm.idgen.factory          : Registering IdentifierGenerator strategy [enhanced-sequence] -> [org.hibernate.id.enhanced.SequenceStyleGenerator]
2025-06-09T20:20:34.618+03:00 DEBUG 1568 --- [okulyonetimsistemi] [           main] org.hibernate.orm.idgen.factory          : Registering IdentifierGenerator strategy [enhanced-table] -> [org.hibernate.id.enhanced.TableGenerator]
2025-06-09T20:20:34.646+03:00 DEBUG 1568 --- [okulyonetimsistemi] [           main] o.h.c.internal.RegionFactoryInitiator    : Cannot default RegionFactory based on registered strategies as `[]` RegionFactory strategies were registered
2025-06-09T20:20:34.650+03:00  INFO 1568 --- [okulyonetimsistemi] [           main] o.h.c.internal.RegionFactoryInitiator    : HHH000026: Second-level cache disabled
2025-06-09T20:20:34.873+03:00 DEBUG 1568 --- [okulyonetimsistemi] [           main] org.hibernate.type.BasicTypeRegistry     : Adding type registration boolean -> org.hibernate.type.BasicTypeReference@70c491b8
2025-06-09T20:20:34.875+03:00 DEBUG 1568 --- [okulyonetimsistemi] [           main] org.hibernate.type.BasicTypeRegistry     : Adding type registration boolean -> org.hibernate.type.BasicTypeReference@70c491b8
2025-06-09T20:20:34.875+03:00 DEBUG 1568 --- [okulyonetimsistemi] [           main] org.hibernate.type.BasicTypeRegistry     : Adding type registration java.lang.Boolean -> org.hibernate.type.BasicTypeReference@70c491b8
2025-06-09T20:20:34.875+03:00 DEBUG 1568 --- [okulyonetimsistemi] [           main] org.hibernate.type.BasicTypeRegistry     : Adding type registration numeric_boolean -> org.hibernate.type.BasicTypeReference@439d545c
2025-06-09T20:20:34.875+03:00 DEBUG 1568 --- [okulyonetimsistemi] [           main] org.hibernate.type.BasicTypeRegistry     : Adding type registration org.hibernate.type.NumericBooleanConverter -> org.hibernate.type.BasicTypeReference@439d545c
2025-06-09T20:20:34.875+03:00 DEBUG 1568 --- [okulyonetimsistemi] [           main] org.hibernate.type.BasicTypeRegistry     : Adding type registration true_false -> org.hibernate.type.BasicTypeReference@5a3cf824
2025-06-09T20:20:34.875+03:00 DEBUG 1568 --- [okulyonetimsistemi] [           main] org.hibernate.type.BasicTypeRegistry     : Adding type registration org.hibernate.type.TrueFalseConverter -> org.hibernate.type.BasicTypeReference@5a3cf824
2025-06-09T20:20:34.876+03:00 DEBUG 1568 --- [okulyonetimsistemi] [           main] org.hibernate.type.BasicTypeRegistry     : Adding type registration yes_no -> org.hibernate.type.BasicTypeReference@7c2b6acb
2025-06-09T20:20:34.876+03:00 DEBUG 1568 --- [okulyonetimsistemi] [           main] org.hibernate.type.BasicTypeRegistry     : Adding type registration org.hibernate.type.YesNoConverter -> org.hibernate.type.BasicTypeReference@7c2b6acb
2025-06-09T20:20:34.876+03:00 DEBUG 1568 --- [okulyonetimsistemi] [           main] org.hibernate.type.BasicTypeRegistry     : Adding type registration byte -> org.hibernate.type.BasicTypeReference@28367da7
2025-06-09T20:20:34.876+03:00 DEBUG 1568 --- [okulyonetimsistemi] [           main] org.hibernate.type.BasicTypeRegistry     : Adding type registration byte -> org.hibernate.type.BasicTypeReference@28367da7
2025-06-09T20:20:34.876+03:00 DEBUG 1568 --- [okulyonetimsistemi] [           main] org.hibernate.type.BasicTypeRegistry     : Adding type registration java.lang.Byte -> org.hibernate.type.BasicTypeReference@28367da7
2025-06-09T20:20:34.876+03:00 DEBUG 1568 --- [okulyonetimsistemi] [           main] org.hibernate.type.BasicTypeRegistry     : Adding type registration binary -> org.hibernate.type.BasicTypeReference@1a0f349
2025-06-09T20:20:34.876+03:00 DEBUG 1568 --- [okulyonetimsistemi] [           main] org.hibernate.type.BasicTypeRegistry     : Adding type registration byte[] -> org.hibernate.type.BasicTypeReference@1a0f349
2025-06-09T20:20:34.876+03:00 DEBUG 1568 --- [okulyonetimsistemi] [           main] org.hibernate.type.BasicTypeRegistry     : Adding type registration [B -> org.hibernate.type.BasicTypeReference@1a0f349
2025-06-09T20:20:34.877+03:00 DEBUG 1568 --- [okulyonetimsistemi] [           main] org.hibernate.type.BasicTypeRegistry     : Adding type registration binary_wrapper -> org.hibernate.type.BasicTypeReference@3c60c681
2025-06-09T20:20:34.877+03:00 DEBUG 1568 --- [okulyonetimsistemi] [           main] org.hibernate.type.BasicTypeRegistry     : Adding type registration wrapper-binary -> org.hibernate.type.BasicTypeReference@3c60c681
2025-06-09T20:20:34.877+03:00 DEBUG 1568 --- [okulyonetimsistemi] [           main] org.hibernate.type.BasicTypeRegistry     : Adding type registration image -> org.hibernate.type.BasicTypeReference@1b3a9ef4
2025-06-09T20:20:34.878+03:00 DEBUG 1568 --- [okulyonetimsistemi] [           main] org.hibernate.type.BasicTypeRegistry     : Adding type registration blob -> org.hibernate.type.BasicTypeReference@7a1371
2025-06-09T20:20:34.878+03:00 DEBUG 1568 --- [okulyonetimsistemi] [           main] org.hibernate.type.BasicTypeRegistry     : Adding type registration java.sql.Blob -> org.hibernate.type.BasicTypeReference@7a1371
2025-06-09T20:20:34.878+03:00 DEBUG 1568 --- [okulyonetimsistemi] [           main] org.hibernate.type.BasicTypeRegistry     : Adding type registration materialized_blob -> org.hibernate.type.BasicTypeReference@6c6928c
2025-06-09T20:20:34.878+03:00 DEBUG 1568 --- [okulyonetimsistemi] [           main] org.hibernate.type.BasicTypeRegistry     : Adding type registration materialized_blob_wrapper -> org.hibernate.type.BasicTypeReference@3c28181b
2025-06-09T20:20:34.878+03:00 DEBUG 1568 --- [okulyonetimsistemi] [           main] org.hibernate.type.BasicTypeRegistry     : Adding type registration short -> org.hibernate.type.BasicTypeReference@73aaec54
2025-06-09T20:20:34.878+03:00 DEBUG 1568 --- [okulyonetimsistemi] [           main] org.hibernate.type.BasicTypeRegistry     : Adding type registration short -> org.hibernate.type.BasicTypeReference@73aaec54
2025-06-09T20:20:34.878+03:00 DEBUG 1568 --- [okulyonetimsistemi] [           main] org.hibernate.type.BasicTypeRegistry     : Adding type registration java.lang.Short -> org.hibernate.type.BasicTypeReference@73aaec54
2025-06-09T20:20:34.879+03:00 DEBUG 1568 --- [okulyonetimsistemi] [           main] org.hibernate.type.BasicTypeRegistry     : Adding type registration integer -> org.hibernate.type.BasicTypeReference@239b98cb
2025-06-09T20:20:34.879+03:00 DEBUG 1568 --- [okulyonetimsistemi] [           main] org.hibernate.type.BasicTypeRegistry     : Adding type registration int -> org.hibernate.type.BasicTypeReference@239b98cb
2025-06-09T20:20:34.879+03:00 DEBUG 1568 --- [okulyonetimsistemi] [           main] org.hibernate.type.BasicTypeRegistry     : Adding type registration java.lang.Integer -> org.hibernate.type.BasicTypeReference@239b98cb
2025-06-09T20:20:34.879+03:00 DEBUG 1568 --- [okulyonetimsistemi] [           main] org.hibernate.type.BasicTypeRegistry     : Adding type registration long -> org.hibernate.type.BasicTypeReference@117b2cc6
2025-06-09T20:20:34.879+03:00 DEBUG 1568 --- [okulyonetimsistemi] [           main] org.hibernate.type.BasicTypeRegistry     : Adding type registration long -> org.hibernate.type.BasicTypeReference@117b2cc6
2025-06-09T20:20:34.879+03:00 DEBUG 1568 --- [okulyonetimsistemi] [           main] org.hibernate.type.BasicTypeRegistry     : Adding type registration java.lang.Long -> org.hibernate.type.BasicTypeReference@117b2cc6
2025-06-09T20:20:34.880+03:00 DEBUG 1568 --- [okulyonetimsistemi] [           main] org.hibernate.type.BasicTypeRegistry     : Adding type registration float -> org.hibernate.type.BasicTypeReference@6def0632
2025-06-09T20:20:34.880+03:00 DEBUG 1568 --- [okulyonetimsistemi] [           main] org.hibernate.type.BasicTypeRegistry     : Adding type registration float -> org.hibernate.type.BasicTypeReference@6def0632
2025-06-09T20:20:34.880+03:00 DEBUG 1568 --- [okulyonetimsistemi] [           main] org.hibernate.type.BasicTypeRegistry     : Adding type registration java.lang.Float -> org.hibernate.type.BasicTypeReference@6def0632
2025-06-09T20:20:34.880+03:00 DEBUG 1568 --- [okulyonetimsistemi] [           main] org.hibernate.type.BasicTypeRegistry     : Adding type registration double -> org.hibernate.type.BasicTypeReference@49038f97
2025-06-09T20:20:34.881+03:00 DEBUG 1568 --- [okulyonetimsistemi] [           main] org.hibernate.type.BasicTypeRegistry     : Adding type registration double -> org.hibernate.type.BasicTypeReference@49038f97
2025-06-09T20:20:34.881+03:00 DEBUG 1568 --- [okulyonetimsistemi] [           main] org.hibernate.type.BasicTypeRegistry     : Adding type registration java.lang.Double -> org.hibernate.type.BasicTypeReference@49038f97
2025-06-09T20:20:34.881+03:00 DEBUG 1568 --- [okulyonetimsistemi] [           main] org.hibernate.type.BasicTypeRegistry     : Adding type registration big_integer -> org.hibernate.type.BasicTypeReference@36211bbc
2025-06-09T20:20:34.881+03:00 DEBUG 1568 --- [okulyonetimsistemi] [           main] org.hibernate.type.BasicTypeRegistry     : Adding type registration java.math.BigInteger -> org.hibernate.type.BasicTypeReference@36211bbc
2025-06-09T20:20:34.881+03:00 DEBUG 1568 --- [okulyonetimsistemi] [           main] org.hibernate.type.BasicTypeRegistry     : Adding type registration big_decimal -> org.hibernate.type.BasicTypeReference@7ef41ca2
2025-06-09T20:20:34.881+03:00 DEBUG 1568 --- [okulyonetimsistemi] [           main] org.hibernate.type.BasicTypeRegistry     : Adding type registration java.math.BigDecimal -> org.hibernate.type.BasicTypeReference@7ef41ca2
2025-06-09T20:20:34.881+03:00 DEBUG 1568 --- [okulyonetimsistemi] [           main] org.hibernate.type.BasicTypeRegistry     : Adding type registration character -> org.hibernate.type.BasicTypeReference@6b3f4bd8
2025-06-09T20:20:34.882+03:00 DEBUG 1568 --- [okulyonetimsistemi] [           main] org.hibernate.type.BasicTypeRegistry     : Adding type registration char -> org.hibernate.type.BasicTypeReference@6b3f4bd8
2025-06-09T20:20:34.882+03:00 DEBUG 1568 --- [okulyonetimsistemi] [           main] org.hibernate.type.BasicTypeRegistry     : Adding type registration java.lang.Character -> org.hibernate.type.BasicTypeReference@6b3f4bd8
2025-06-09T20:20:34.882+03:00 DEBUG 1568 --- [okulyonetimsistemi] [           main] org.hibernate.type.BasicTypeRegistry     : Adding type registration character_nchar -> org.hibernate.type.BasicTypeReference@3e151e1f
2025-06-09T20:20:34.882+03:00 DEBUG 1568 --- [okulyonetimsistemi] [           main] org.hibernate.type.BasicTypeRegistry     : Adding type registration string -> org.hibernate.type.BasicTypeReference@d70e9a
2025-06-09T20:20:34.882+03:00 DEBUG 1568 --- [okulyonetimsistemi] [           main] org.hibernate.type.BasicTypeRegistry     : Adding type registration java.lang.String -> org.hibernate.type.BasicTypeReference@d70e9a
2025-06-09T20:20:34.882+03:00 DEBUG 1568 --- [okulyonetimsistemi] [           main] org.hibernate.type.BasicTypeRegistry     : Adding type registration nstring -> org.hibernate.type.BasicTypeReference@5e98032e
2025-06-09T20:20:34.882+03:00 DEBUG 1568 --- [okulyonetimsistemi] [           main] org.hibernate.type.BasicTypeRegistry     : Adding type registration characters -> org.hibernate.type.BasicTypeReference@4fe8f2ae
2025-06-09T20:20:34.882+03:00 DEBUG 1568 --- [okulyonetimsistemi] [           main] org.hibernate.type.BasicTypeRegistry     : Adding type registration char[] -> org.hibernate.type.BasicTypeReference@4fe8f2ae
2025-06-09T20:20:34.882+03:00 DEBUG 1568 --- [okulyonetimsistemi] [           main] org.hibernate.type.BasicTypeRegistry     : Adding type registration [C -> org.hibernate.type.BasicTypeReference@4fe8f2ae
2025-06-09T20:20:34.883+03:00 DEBUG 1568 --- [okulyonetimsistemi] [           main] org.hibernate.type.BasicTypeRegistry     : Adding type registration wrapper-characters -> org.hibernate.type.BasicTypeReference@591be8aa
2025-06-09T20:20:34.883+03:00 DEBUG 1568 --- [okulyonetimsistemi] [           main] org.hibernate.type.BasicTypeRegistry     : Adding type registration text -> org.hibernate.type.BasicTypeReference@61808ecd
2025-06-09T20:20:34.883+03:00 DEBUG 1568 --- [okulyonetimsistemi] [           main] org.hibernate.type.BasicTypeRegistry     : Adding type registration ntext -> org.hibernate.type.BasicTypeReference@7f1f60a0
2025-06-09T20:20:34.883+03:00 DEBUG 1568 --- [okulyonetimsistemi] [           main] org.hibernate.type.BasicTypeRegistry     : Adding type registration clob -> org.hibernate.type.BasicTypeReference@77ea806f
2025-06-09T20:20:34.883+03:00 DEBUG 1568 --- [okulyonetimsistemi] [           main] org.hibernate.type.BasicTypeRegistry     : Adding type registration java.sql.Clob -> org.hibernate.type.BasicTypeReference@77ea806f
2025-06-09T20:20:34.884+03:00 DEBUG 1568 --- [okulyonetimsistemi] [           main] org.hibernate.type.BasicTypeRegistry     : Adding type registration nclob -> org.hibernate.type.BasicTypeReference@71b26880
2025-06-09T20:20:34.884+03:00 DEBUG 1568 --- [okulyonetimsistemi] [           main] org.hibernate.type.BasicTypeRegistry     : Adding type registration java.sql.NClob -> org.hibernate.type.BasicTypeReference@71b26880
2025-06-09T20:20:34.884+03:00 DEBUG 1568 --- [okulyonetimsistemi] [           main] org.hibernate.type.BasicTypeRegistry     : Adding type registration materialized_clob -> org.hibernate.type.BasicTypeReference@14a1769d
2025-06-09T20:20:34.884+03:00 DEBUG 1568 --- [okulyonetimsistemi] [           main] org.hibernate.type.BasicTypeRegistry     : Adding type registration materialized_clob_char_array -> org.hibernate.type.BasicTypeReference@10bf1ec9
2025-06-09T20:20:34.884+03:00 DEBUG 1568 --- [okulyonetimsistemi] [           main] org.hibernate.type.BasicTypeRegistry     : Adding type registration materialized_clob_character_array -> org.hibernate.type.BasicTypeReference@33751d49
2025-06-09T20:20:34.884+03:00 DEBUG 1568 --- [okulyonetimsistemi] [           main] org.hibernate.type.BasicTypeRegistry     : Adding type registration materialized_nclob -> org.hibernate.type.BasicTypeReference@516195cf
2025-06-09T20:20:34.884+03:00 DEBUG 1568 --- [okulyonetimsistemi] [           main] org.hibernate.type.BasicTypeRegistry     : Adding type registration materialized_nclob_character_array -> org.hibernate.type.BasicTypeReference@4eeb14e0
2025-06-09T20:20:34.884+03:00 DEBUG 1568 --- [okulyonetimsistemi] [           main] org.hibernate.type.BasicTypeRegistry     : Adding type registration materialized_nclob_char_array -> org.hibernate.type.BasicTypeReference@26ca12a2
2025-06-09T20:20:34.885+03:00 DEBUG 1568 --- [okulyonetimsistemi] [           main] org.hibernate.type.BasicTypeRegistry     : Adding type registration Duration -> org.hibernate.type.BasicTypeReference@3d4ecc67
2025-06-09T20:20:34.885+03:00 DEBUG 1568 --- [okulyonetimsistemi] [           main] org.hibernate.type.BasicTypeRegistry     : Adding type registration java.time.Duration -> org.hibernate.type.BasicTypeReference@3d4ecc67
2025-06-09T20:20:34.885+03:00 DEBUG 1568 --- [okulyonetimsistemi] [           main] org.hibernate.type.BasicTypeRegistry     : Adding type registration LocalDateTime -> org.hibernate.type.BasicTypeReference@60dcf9ec
2025-06-09T20:20:34.885+03:00 DEBUG 1568 --- [okulyonetimsistemi] [           main] org.hibernate.type.BasicTypeRegistry     : Adding type registration java.time.LocalDateTime -> org.hibernate.type.BasicTypeReference@60dcf9ec
2025-06-09T20:20:34.885+03:00 DEBUG 1568 --- [okulyonetimsistemi] [           main] org.hibernate.type.BasicTypeRegistry     : Adding type registration LocalDate -> org.hibernate.type.BasicTypeReference@7606bd03
2025-06-09T20:20:34.885+03:00 DEBUG 1568 --- [okulyonetimsistemi] [           main] org.hibernate.type.BasicTypeRegistry     : Adding type registration java.time.LocalDate -> org.hibernate.type.BasicTypeReference@7606bd03
2025-06-09T20:20:34.885+03:00 DEBUG 1568 --- [okulyonetimsistemi] [           main] org.hibernate.type.BasicTypeRegistry     : Adding type registration LocalTime -> org.hibernate.type.BasicTypeReference@afee63
2025-06-09T20:20:34.887+03:00 DEBUG 1568 --- [okulyonetimsistemi] [           main] org.hibernate.type.BasicTypeRegistry     : Adding type registration java.time.LocalTime -> org.hibernate.type.BasicTypeReference@afee63
2025-06-09T20:20:34.887+03:00 DEBUG 1568 --- [okulyonetimsistemi] [           main] org.hibernate.type.BasicTypeRegistry     : Adding type registration OffsetDateTime -> org.hibernate.type.BasicTypeReference@4b4927e5
2025-06-09T20:20:34.887+03:00 DEBUG 1568 --- [okulyonetimsistemi] [           main] org.hibernate.type.BasicTypeRegistry     : Adding type registration java.time.OffsetDateTime -> org.hibernate.type.BasicTypeReference@4b4927e5
2025-06-09T20:20:34.887+03:00 DEBUG 1568 --- [okulyonetimsistemi] [           main] org.hibernate.type.BasicTypeRegistry     : Adding type registration OffsetDateTimeWithTimezone -> org.hibernate.type.BasicTypeReference@4c5da4f9
2025-06-09T20:20:34.887+03:00 DEBUG 1568 --- [okulyonetimsistemi] [           main] org.hibernate.type.BasicTypeRegistry     : Adding type registration OffsetDateTimeWithoutTimezone -> org.hibernate.type.BasicTypeReference@ff0e6d4
2025-06-09T20:20:34.887+03:00 DEBUG 1568 --- [okulyonetimsistemi] [           main] org.hibernate.type.BasicTypeRegistry     : Adding type registration OffsetTime -> org.hibernate.type.BasicTypeReference@70d3cdbf
2025-06-09T20:20:34.887+03:00 DEBUG 1568 --- [okulyonetimsistemi] [           main] org.hibernate.type.BasicTypeRegistry     : Adding type registration java.time.OffsetTime -> org.hibernate.type.BasicTypeReference@70d3cdbf
2025-06-09T20:20:34.887+03:00 DEBUG 1568 --- [okulyonetimsistemi] [           main] org.hibernate.type.BasicTypeRegistry     : Adding type registration OffsetTimeUtc -> org.hibernate.type.BasicTypeReference@72a7aa4f
2025-06-09T20:20:34.887+03:00 DEBUG 1568 --- [okulyonetimsistemi] [           main] org.hibernate.type.BasicTypeRegistry     : Adding type registration OffsetTimeWithTimezone -> org.hibernate.type.BasicTypeReference@537ca28e
2025-06-09T20:20:34.887+03:00 DEBUG 1568 --- [okulyonetimsistemi] [           main] org.hibernate.type.BasicTypeRegistry     : Adding type registration OffsetTimeWithoutTimezone -> org.hibernate.type.BasicTypeReference@5b322873
2025-06-09T20:20:34.887+03:00 DEBUG 1568 --- [okulyonetimsistemi] [           main] org.hibernate.type.BasicTypeRegistry     : Adding type registration ZonedDateTime -> org.hibernate.type.BasicTypeReference@35e2b89f
2025-06-09T20:20:34.888+03:00 DEBUG 1568 --- [okulyonetimsistemi] [           main] org.hibernate.type.BasicTypeRegistry     : Adding type registration java.time.ZonedDateTime -> org.hibernate.type.BasicTypeReference@35e2b89f
2025-06-09T20:20:34.888+03:00 DEBUG 1568 --- [okulyonetimsistemi] [           main] org.hibernate.type.BasicTypeRegistry     : Adding type registration ZonedDateTimeWithTimezone -> org.hibernate.type.BasicTypeReference@7ad889be
2025-06-09T20:20:34.888+03:00 DEBUG 1568 --- [okulyonetimsistemi] [           main] org.hibernate.type.BasicTypeRegistry     : Adding type registration ZonedDateTimeWithoutTimezone -> org.hibernate.type.BasicTypeReference@4c063cb9
2025-06-09T20:20:34.888+03:00 DEBUG 1568 --- [okulyonetimsistemi] [           main] org.hibernate.type.BasicTypeRegistry     : Adding type registration date -> org.hibernate.type.BasicTypeReference@63de4fa
2025-06-09T20:20:34.888+03:00 DEBUG 1568 --- [okulyonetimsistemi] [           main] org.hibernate.type.BasicTypeRegistry     : Adding type registration java.sql.Date -> org.hibernate.type.BasicTypeReference@63de4fa
2025-06-09T20:20:34.889+03:00 DEBUG 1568 --- [okulyonetimsistemi] [           main] org.hibernate.type.BasicTypeRegistry     : Adding type registration time -> org.hibernate.type.BasicTypeReference@26bb92e2
2025-06-09T20:20:34.889+03:00 DEBUG 1568 --- [okulyonetimsistemi] [           main] org.hibernate.type.BasicTypeRegistry     : Adding type registration java.sql.Time -> org.hibernate.type.BasicTypeReference@26bb92e2
2025-06-09T20:20:34.889+03:00 DEBUG 1568 --- [okulyonetimsistemi] [           main] org.hibernate.type.BasicTypeRegistry     : Adding type registration timestamp -> org.hibernate.type.BasicTypeReference@18907af2
2025-06-09T20:20:34.889+03:00 DEBUG 1568 --- [okulyonetimsistemi] [           main] org.hibernate.type.BasicTypeRegistry     : Adding type registration java.sql.Timestamp -> org.hibernate.type.BasicTypeReference@18907af2
2025-06-09T20:20:34.889+03:00 DEBUG 1568 --- [okulyonetimsistemi] [           main] org.hibernate.type.BasicTypeRegistry     : Adding type registration java.util.Date -> org.hibernate.type.BasicTypeReference@18907af2
2025-06-09T20:20:34.889+03:00 DEBUG 1568 --- [okulyonetimsistemi] [           main] org.hibernate.type.BasicTypeRegistry     : Adding type registration calendar -> org.hibernate.type.BasicTypeReference@658e7ead
2025-06-09T20:20:34.889+03:00 DEBUG 1568 --- [okulyonetimsistemi] [           main] org.hibernate.type.BasicTypeRegistry     : Adding type registration java.util.Calendar -> org.hibernate.type.BasicTypeReference@658e7ead
2025-06-09T20:20:34.889+03:00 DEBUG 1568 --- [okulyonetimsistemi] [           main] org.hibernate.type.BasicTypeRegistry     : Adding type registration java.util.GregorianCalendar -> org.hibernate.type.BasicTypeReference@658e7ead
2025-06-09T20:20:34.891+03:00 DEBUG 1568 --- [okulyonetimsistemi] [           main] org.hibernate.type.BasicTypeRegistry     : Adding type registration calendar_date -> org.hibernate.type.BasicTypeReference@cfd5cd2
2025-06-09T20:20:34.892+03:00 DEBUG 1568 --- [okulyonetimsistemi] [           main] org.hibernate.type.BasicTypeRegistry     : Adding type registration calendar_time -> org.hibernate.type.BasicTypeReference@6d7740f0
2025-06-09T20:20:34.892+03:00 DEBUG 1568 --- [okulyonetimsistemi] [           main] org.hibernate.type.BasicTypeRegistry     : Adding type registration instant -> org.hibernate.type.BasicTypeReference@7b1a30e5
2025-06-09T20:20:34.892+03:00 DEBUG 1568 --- [okulyonetimsistemi] [           main] org.hibernate.type.BasicTypeRegistry     : Adding type registration java.time.Instant -> org.hibernate.type.BasicTypeReference@7b1a30e5
2025-06-09T20:20:34.892+03:00 DEBUG 1568 --- [okulyonetimsistemi] [           main] org.hibernate.type.BasicTypeRegistry     : Adding type registration uuid -> org.hibernate.type.BasicTypeReference@1de7f898
2025-06-09T20:20:34.893+03:00 DEBUG 1568 --- [okulyonetimsistemi] [           main] org.hibernate.type.BasicTypeRegistry     : Adding type registration java.util.UUID -> org.hibernate.type.BasicTypeReference@1de7f898
2025-06-09T20:20:34.893+03:00 DEBUG 1568 --- [okulyonetimsistemi] [           main] org.hibernate.type.BasicTypeRegistry     : Adding type registration pg-uuid -> org.hibernate.type.BasicTypeReference@1de7f898
2025-06-09T20:20:34.893+03:00 DEBUG 1568 --- [okulyonetimsistemi] [           main] org.hibernate.type.BasicTypeRegistry     : Adding type registration uuid-binary -> org.hibernate.type.BasicTypeReference@34fcd292
2025-06-09T20:20:34.893+03:00 DEBUG 1568 --- [okulyonetimsistemi] [           main] org.hibernate.type.BasicTypeRegistry     : Adding type registration uuid-char -> org.hibernate.type.BasicTypeReference@63db743d
2025-06-09T20:20:34.893+03:00 DEBUG 1568 --- [okulyonetimsistemi] [           main] org.hibernate.type.BasicTypeRegistry     : Adding type registration class -> org.hibernate.type.BasicTypeReference@496cedbb
2025-06-09T20:20:34.893+03:00 DEBUG 1568 --- [okulyonetimsistemi] [           main] org.hibernate.type.BasicTypeRegistry     : Adding type registration java.lang.Class -> org.hibernate.type.BasicTypeReference@496cedbb
2025-06-09T20:20:34.893+03:00 DEBUG 1568 --- [okulyonetimsistemi] [           main] org.hibernate.type.BasicTypeRegistry     : Adding type registration currency -> org.hibernate.type.BasicTypeReference@6b6def36
2025-06-09T20:20:34.893+03:00 DEBUG 1568 --- [okulyonetimsistemi] [           main] org.hibernate.type.BasicTypeRegistry     : Adding type registration Currency -> org.hibernate.type.BasicTypeReference@6b6def36
2025-06-09T20:20:34.893+03:00 DEBUG 1568 --- [okulyonetimsistemi] [           main] org.hibernate.type.BasicTypeRegistry     : Adding type registration java.util.Currency -> org.hibernate.type.BasicTypeReference@6b6def36
2025-06-09T20:20:34.893+03:00 DEBUG 1568 --- [okulyonetimsistemi] [           main] org.hibernate.type.BasicTypeRegistry     : Adding type registration locale -> org.hibernate.type.BasicTypeReference@3957d88b
2025-06-09T20:20:34.893+03:00 DEBUG 1568 --- [okulyonetimsistemi] [           main] org.hibernate.type.BasicTypeRegistry     : Adding type registration java.util.Locale -> org.hibernate.type.BasicTypeReference@3957d88b
2025-06-09T20:20:34.894+03:00 DEBUG 1568 --- [okulyonetimsistemi] [           main] org.hibernate.type.BasicTypeRegistry     : Adding type registration serializable -> org.hibernate.type.BasicTypeReference@1152900
2025-06-09T20:20:34.894+03:00 DEBUG 1568 --- [okulyonetimsistemi] [           main] org.hibernate.type.BasicTypeRegistry     : Adding type registration java.io.Serializable -> org.hibernate.type.BasicTypeReference@1152900
2025-06-09T20:20:34.894+03:00 DEBUG 1568 --- [okulyonetimsistemi] [           main] org.hibernate.type.BasicTypeRegistry     : Adding type registration timezone -> org.hibernate.type.BasicTypeReference@2fba0dac
2025-06-09T20:20:34.894+03:00 DEBUG 1568 --- [okulyonetimsistemi] [           main] org.hibernate.type.BasicTypeRegistry     : Adding type registration java.util.TimeZone -> org.hibernate.type.BasicTypeReference@2fba0dac
2025-06-09T20:20:34.894+03:00 DEBUG 1568 --- [okulyonetimsistemi] [           main] org.hibernate.type.BasicTypeRegistry     : Adding type registration ZoneOffset -> org.hibernate.type.BasicTypeReference@2b2a4332
2025-06-09T20:20:34.894+03:00 DEBUG 1568 --- [okulyonetimsistemi] [           main] org.hibernate.type.BasicTypeRegistry     : Adding type registration java.time.ZoneOffset -> org.hibernate.type.BasicTypeReference@2b2a4332
2025-06-09T20:20:34.894+03:00 DEBUG 1568 --- [okulyonetimsistemi] [           main] org.hibernate.type.BasicTypeRegistry     : Adding type registration url -> org.hibernate.type.BasicTypeReference@2cbe455c
2025-06-09T20:20:34.894+03:00 DEBUG 1568 --- [okulyonetimsistemi] [           main] org.hibernate.type.BasicTypeRegistry     : Adding type registration java.net.URL -> org.hibernate.type.BasicTypeReference@2cbe455c
2025-06-09T20:20:34.894+03:00 DEBUG 1568 --- [okulyonetimsistemi] [           main] org.hibernate.type.BasicTypeRegistry     : Adding type registration vector -> org.hibernate.type.BasicTypeReference@4cb24e2
2025-06-09T20:20:34.894+03:00 DEBUG 1568 --- [okulyonetimsistemi] [           main] org.hibernate.type.BasicTypeRegistry     : Adding type registration float_vector -> org.hibernate.type.BasicTypeReference@7be38eba
2025-06-09T20:20:34.894+03:00 DEBUG 1568 --- [okulyonetimsistemi] [           main] org.hibernate.type.BasicTypeRegistry     : Adding type registration double_vector -> org.hibernate.type.BasicTypeReference@2296127
2025-06-09T20:20:34.894+03:00 DEBUG 1568 --- [okulyonetimsistemi] [           main] org.hibernate.type.BasicTypeRegistry     : Adding type registration byte_vector -> org.hibernate.type.BasicTypeReference@5ce3409b
2025-06-09T20:20:34.894+03:00 DEBUG 1568 --- [okulyonetimsistemi] [           main] org.hibernate.type.BasicTypeRegistry     : Adding type registration row_version -> org.hibernate.type.BasicTypeReference@1d283d1
2025-06-09T20:20:34.906+03:00 DEBUG 1568 --- [okulyonetimsistemi] [           main] org.hibernate.type.BasicTypeRegistry     : Adding type registration object -> org.hibernate.type.JavaObjectType@64bba0eb
2025-06-09T20:20:34.906+03:00 DEBUG 1568 --- [okulyonetimsistemi] [           main] org.hibernate.type.BasicTypeRegistry     : Adding type registration java.lang.Object -> org.hibernate.type.JavaObjectType@64bba0eb
2025-06-09T20:20:34.909+03:00 DEBUG 1568 --- [okulyonetimsistemi] [           main] org.hibernate.type.BasicTypeRegistry     : Adding type registration null -> org.hibernate.type.NullType@589dfa6f
2025-06-09T20:20:34.910+03:00 DEBUG 1568 --- [okulyonetimsistemi] [           main] org.hibernate.type.BasicTypeRegistry     : Adding type registration imm_date -> org.hibernate.type.BasicTypeReference@43588265
2025-06-09T20:20:34.911+03:00 DEBUG 1568 --- [okulyonetimsistemi] [           main] org.hibernate.type.BasicTypeRegistry     : Adding type registration imm_time -> org.hibernate.type.BasicTypeReference@6f8667bb
2025-06-09T20:20:34.911+03:00 DEBUG 1568 --- [okulyonetimsistemi] [           main] org.hibernate.type.BasicTypeRegistry     : Adding type registration imm_timestamp -> org.hibernate.type.BasicTypeReference@100d0218
2025-06-09T20:20:34.911+03:00 DEBUG 1568 --- [okulyonetimsistemi] [           main] org.hibernate.type.BasicTypeRegistry     : Adding type registration imm_calendar -> org.hibernate.type.BasicTypeReference@2774dcf4
2025-06-09T20:20:34.911+03:00 DEBUG 1568 --- [okulyonetimsistemi] [           main] org.hibernate.type.BasicTypeRegistry     : Adding type registration imm_calendar_date -> org.hibernate.type.BasicTypeReference@20b829d5
2025-06-09T20:20:34.911+03:00 DEBUG 1568 --- [okulyonetimsistemi] [           main] org.hibernate.type.BasicTypeRegistry     : Adding type registration imm_calendar_time -> org.hibernate.type.BasicTypeReference@7c5f29c6
2025-06-09T20:20:34.911+03:00 DEBUG 1568 --- [okulyonetimsistemi] [           main] org.hibernate.type.BasicTypeRegistry     : Adding type registration imm_binary -> org.hibernate.type.BasicTypeReference@4baf997
2025-06-09T20:20:34.911+03:00 DEBUG 1568 --- [okulyonetimsistemi] [           main] org.hibernate.type.BasicTypeRegistry     : Adding type registration imm_serializable -> org.hibernate.type.BasicTypeReference@5280688
2025-06-09T20:20:34.923+03:00 DEBUG 1568 --- [okulyonetimsistemi] [           main] o.h.boot.internal.BootstrapContextImpl   : Injecting JPA temp ClassLoader [org.springframework.instrument.classloading.SimpleThrowawayClassLoader@1f179f51] into BootstrapContext; was [null]
2025-06-09T20:20:34.923+03:00 DEBUG 1568 --- [okulyonetimsistemi] [           main] o.h.boot.internal.ClassLoaderAccessImpl  : ClassLoaderAccessImpl#injectTempClassLoader(org.springframework.instrument.classloading.SimpleThrowawayClassLoader@1f179f51) [was null]
2025-06-09T20:20:34.924+03:00 DEBUG 1568 --- [okulyonetimsistemi] [           main] o.h.boot.internal.BootstrapContextImpl   : Injecting ScanEnvironment [org.hibernate.jpa.boot.internal.StandardJpaScanEnvironmentImpl@7ef8e623] into BootstrapContext; was [null]
2025-06-09T20:20:34.924+03:00 DEBUG 1568 --- [okulyonetimsistemi] [           main] o.h.boot.internal.BootstrapContextImpl   : Injecting ScanOptions [org.hibernate.boot.archive.scan.internal.StandardScanOptions@3d8d970e] into BootstrapContext; was [org.hibernate.boot.archive.scan.internal.StandardScanOptions@2fac80a8]
2025-06-09T20:20:34.979+03:00 DEBUG 1568 --- [okulyonetimsistemi] [           main] o.h.j.b.i.PersistenceUnitInfoDescriptor  : Pushing class transformers for PU named 'default' on loading classloader jdk.internal.loader.ClassLoaders$AppClassLoader@33909752
2025-06-09T20:20:35.496+03:00  INFO 1568 --- [okulyonetimsistemi] [           main] o.s.o.j.p.SpringPersistenceUnitInfo      : No LoadTimeWeaver setup: ignoring JPA class transformer
2025-06-09T20:20:35.497+03:00 DEBUG 1568 --- [okulyonetimsistemi] [           main] o.h.boot.internal.BootstrapContextImpl   : Injecting JPA temp ClassLoader [null] into BootstrapContext; was [org.springframework.instrument.classloading.SimpleThrowawayClassLoader@1f179f51]
2025-06-09T20:20:35.497+03:00 DEBUG 1568 --- [okulyonetimsistemi] [           main] o.h.boot.internal.ClassLoaderAccessImpl  : ClassLoaderAccessImpl#injectTempClassLoader(null) [was org.springframework.instrument.classloading.SimpleThrowawayClassLoader@1f179f51]
2025-06-09T20:20:35.571+03:00  INFO 1568 --- [okulyonetimsistemi] [           main] com.zaxxer.hikari.HikariDataSource       : HikariPool-1 - Starting...
2025-06-09T20:20:36.118+03:00  INFO 1568 --- [okulyonetimsistemi] [           main] com.zaxxer.hikari.pool.HikariPool        : HikariPool-1 - Added connection conn0: url=jdbc:h2:mem:okuldb user=SA
2025-06-09T20:20:36.122+03:00  INFO 1568 --- [okulyonetimsistemi] [           main] com.zaxxer.hikari.HikariDataSource       : HikariPool-1 - Start completed.
2025-06-09T20:20:36.139+03:00 DEBUG 1568 --- [okulyonetimsistemi] [           main] o.h.e.j.e.i.JdbcEnvironmentInitiator     : Database ->
	   name : H2
	version : 2.3.232 (2024-08-11)
	  major : 2
	  minor : 3
2025-06-09T20:20:36.139+03:00 DEBUG 1568 --- [okulyonetimsistemi] [           main] o.h.e.j.e.i.JdbcEnvironmentInitiator     : Driver ->
	   name : H2 JDBC Driver
	version : 2.3.232 (2024-08-11)
	  major : 2
	  minor : 3
2025-06-09T20:20:36.139+03:00 DEBUG 1568 --- [okulyonetimsistemi] [           main] o.h.e.j.e.i.JdbcEnvironmentInitiator     : JDBC version : 4.3
2025-06-09T20:20:36.206+03:00  WARN 1568 --- [okulyonetimsistemi] [           main] org.hibernate.orm.deprecation            : HHH90000025: H2Dialect does not need to be specified explicitly using 'hibernate.dialect' (remove the property setting and it will be selected by default)
2025-06-09T20:20:36.209+03:00 DEBUG 1568 --- [okulyonetimsistemi] [           main] org.hibernate.orm.dialect                : HHH035001: Using dialect: org.hibernate.dialect.H2Dialect, version: 2.3.232
2025-06-09T20:20:36.218+03:00 DEBUG 1568 --- [okulyonetimsistemi] [           main] o.h.e.j.env.spi.IdentifierHelperBuilder  : JDBC driver metadata reported database stores quoted identifiers in neither upper, lower nor mixed case
2025-06-09T20:20:36.271+03:00  INFO 1568 --- [okulyonetimsistemi] [           main] org.hibernate.orm.connections.pooling    : HHH10001005: Database info:
	Database JDBC URL [Connecting through datasource 'HikariDataSource (HikariPool-1)']
	Database driver: undefined/unknown
	Database version: 2.3.232
	Autocommit mode: undefined/unknown
	Isolation level: undefined/unknown
	Minimum pool size: undefined/unknown
	Maximum pool size: undefined/unknown
2025-06-09T20:20:36.295+03:00 DEBUG 1568 --- [okulyonetimsistemi] [           main] o.h.t.d.jdbc.spi.JdbcTypeRegistry        : addDescriptor(NCharTypeDescriptor) replaced previous registration(CharTypeDescriptor)
2025-06-09T20:20:36.298+03:00 DEBUG 1568 --- [okulyonetimsistemi] [           main] o.h.t.d.jdbc.spi.JdbcTypeRegistry        : addDescriptor(NVarcharTypeDescriptor) replaced previous registration(VarcharTypeDescriptor)
2025-06-09T20:20:36.299+03:00 DEBUG 1568 --- [okulyonetimsistemi] [           main] o.h.t.d.jdbc.spi.JdbcTypeRegistry        : addDescriptor(LongNVarcharTypeDescriptor) replaced previous registration(LongVarcharTypeDescriptor)
2025-06-09T20:20:36.304+03:00 DEBUG 1568 --- [okulyonetimsistemi] [           main] o.h.t.d.jdbc.spi.JdbcTypeRegistry        : addDescriptor(NClobTypeDescriptor(DEFAULT)) replaced previous registration(ClobTypeDescriptor(DEFAULT))
2025-06-09T20:20:36.308+03:00 DEBUG 1568 --- [okulyonetimsistemi] [           main] o.h.t.d.jdbc.spi.JdbcTypeRegistry        : addDescriptor(TimestampUtcDescriptor) replaced previous registration(TimestampUtcDescriptor)
2025-06-09T20:20:36.320+03:00 DEBUG 1568 --- [okulyonetimsistemi] [           main] org.hibernate.type.BasicTypeRegistry     : Adding type registration org.hibernate.type.DurationType -> basicType@1(java.time.Duration,3015)
2025-06-09T20:20:36.320+03:00 DEBUG 1568 --- [okulyonetimsistemi] [           main] org.hibernate.type.BasicTypeRegistry     : Adding type registration Duration -> basicType@1(java.time.Duration,3015)
2025-06-09T20:20:36.320+03:00 DEBUG 1568 --- [okulyonetimsistemi] [           main] org.hibernate.type.BasicTypeRegistry     : Adding type registration java.time.Duration -> basicType@1(java.time.Duration,3015)
2025-06-09T20:20:36.327+03:00 DEBUG 1568 --- [okulyonetimsistemi] [           main] o.h.type.spi.TypeConfiguration$Scope     : Scoping TypeConfiguration [org.hibernate.type.spi.TypeConfiguration@4746fb8c] to MetadataBuildingContext [org.hibernate.boot.internal.MetadataBuildingContextRootImpl@3be46d9c]
2025-06-09T20:20:36.420+03:00 DEBUG 1568 --- [okulyonetimsistemi] [           main] o.h.boot.model.relational.Namespace      : Created database namespace [logicalName=Name{catalog=null, schema=null}, physicalName=Name{catalog=null, schema=null}]
2025-06-09T20:20:36.476+03:00 DEBUG 1568 --- [okulyonetimsistemi] [           main] o.h.boot.model.internal.EntityBinder     : Binding entity from annotated class: com.okulyonetimsistemi.okulyonetimsistemi.model.Class
2025-06-09T20:20:36.492+03:00 DEBUG 1568 --- [okulyonetimsistemi] [           main] o.h.boot.model.internal.EntityBinder     : Import with entity name Class
2025-06-09T20:20:36.508+03:00 DEBUG 1568 --- [okulyonetimsistemi] [           main] o.h.boot.model.internal.EntityBinder     : Bind entity com.okulyonetimsistemi.okulyonetimsistemi.model.Class on table classes
2025-06-09T20:20:36.531+03:00 DEBUG 1568 --- [okulyonetimsistemi] [           main] o.h.boot.model.internal.AnnotatedColumn  : Binding column: AnnotatedDiscriminatorColumn(column='DTYPE')
2025-06-09T20:20:36.578+03:00 DEBUG 1568 --- [okulyonetimsistemi] [           main] o.h.boot.model.internal.AnnotatedColumn  : Binding column: AnnotatedColumn()
2025-06-09T20:20:36.580+03:00 DEBUG 1568 --- [okulyonetimsistemi] [           main] o.h.boot.internal.ClassLoaderAccessImpl  : Not known whether passed class name [com.okulyonetimsistemi.okulyonetimsistemi.model.Class] is safe
2025-06-09T20:20:36.580+03:00 DEBUG 1568 --- [okulyonetimsistemi] [           main] o.h.boot.internal.ClassLoaderAccessImpl  : No temp ClassLoader provided; using live ClassLoader for loading potentially unsafe class : com.okulyonetimsistemi.okulyonetimsistemi.model.Class
2025-06-09T20:20:36.591+03:00 DEBUG 1568 --- [okulyonetimsistemi] [           main] o.h.boot.model.internal.PropertyBinder   : MetadataSourceProcessor property id with lazy=false
2025-06-09T20:20:36.602+03:00 DEBUG 1568 --- [okulyonetimsistemi] [           main] o.h.b.m.internal.AbstractPropertyHolder  : Attempting to locate auto-apply AttributeConverter for property [com.okulyonetimsistemi.okulyonetimsistemi.model.Class:id]
2025-06-09T20:20:36.611+03:00 DEBUG 1568 --- [okulyonetimsistemi] [           main] o.h.b.model.internal.BasicValueBinder    : building BasicValue for id
2025-06-09T20:20:36.616+03:00 DEBUG 1568 --- [okulyonetimsistemi] [           main] org.hibernate.mapping.BasicValue         : Skipping column re-registration: classes.id
2025-06-09T20:20:36.619+03:00 DEBUG 1568 --- [okulyonetimsistemi] [           main] o.h.boot.model.internal.PropertyBinder   : Building property id
2025-06-09T20:20:36.628+03:00 DEBUG 1568 --- [okulyonetimsistemi] [           main] o.h.boot.model.internal.BinderHelper     : #makeIdGenerator(BasicValue([Column(id)]), id, identity, , ...)
2025-06-09T20:20:36.629+03:00 DEBUG 1568 --- [okulyonetimsistemi] [           main] o.h.boot.model.internal.AnnotatedColumn  : Binding column: AnnotatedColumn()
2025-06-09T20:20:36.631+03:00 DEBUG 1568 --- [okulyonetimsistemi] [           main] o.h.boot.model.internal.PropertyBinder   : MetadataSourceProcessor property capacity with lazy=false
2025-06-09T20:20:36.631+03:00 DEBUG 1568 --- [okulyonetimsistemi] [           main] o.h.b.m.internal.AbstractPropertyHolder  : Attempting to locate auto-apply AttributeConverter for property [com.okulyonetimsistemi.okulyonetimsistemi.model.Class:capacity]
2025-06-09T20:20:36.632+03:00 DEBUG 1568 --- [okulyonetimsistemi] [           main] o.h.b.model.internal.BasicValueBinder    : building BasicValue for capacity
2025-06-09T20:20:36.632+03:00 DEBUG 1568 --- [okulyonetimsistemi] [           main] org.hibernate.mapping.BasicValue         : Skipping column re-registration: classes.capacity
2025-06-09T20:20:36.632+03:00 DEBUG 1568 --- [okulyonetimsistemi] [           main] o.h.boot.model.internal.PropertyBinder   : Building property capacity
2025-06-09T20:20:36.633+03:00 DEBUG 1568 --- [okulyonetimsistemi] [           main] o.h.boot.model.internal.AnnotatedColumn  : Binding column: AnnotatedColumn()
2025-06-09T20:20:36.633+03:00 DEBUG 1568 --- [okulyonetimsistemi] [           main] o.h.boot.model.internal.PropertyBinder   : MetadataSourceProcessor property className with lazy=false
2025-06-09T20:20:36.635+03:00 DEBUG 1568 --- [okulyonetimsistemi] [           main] o.h.b.m.internal.AbstractPropertyHolder  : Attempting to locate auto-apply AttributeConverter for property [com.okulyonetimsistemi.okulyonetimsistemi.model.Class:className]
[...]
2025-06-09T20:20:45.221+03:00 DEBUG 1568 --- [okulyonetimsistemi] [           main] org.springframework.test.context.cache   : Spring test ApplicationContext cache statistics: [DefaultContextCache@3a5e591b size = 1, maxSize = 32, parentContextCount = 0, hitCount = 6, missCount = 1, failureCount = 0]
2025-06-09T20:20:45.244+03:00 DEBUG 1568 --- [okulyonetimsistemi] [           main] o.s.jdbc.core.JdbcTemplate               : Executing SQL query [SELECT 1]
2025-06-09T20:20:45.244+03:00 DEBUG 1568 --- [okulyonetimsistemi] [           main] o.s.jdbc.datasource.DataSourceUtils      : Fetching JDBC Connection from DataSource
2025-06-09T20:20:45.260+03:00 DEBUG 1568 --- [okulyonetimsistemi] [           main] org.springframework.test.context.cache   : Spring test ApplicationContext cache statistics: [DefaultContextCache@3a5e591b size = 1, maxSize = 32, parentContextCount = 0, hitCount = 7, missCount = 1, failureCount = 0]
2025-06-09T20:20:45.262+03:00 DEBUG 1568 --- [okulyonetimsistemi] [           main] org.springframework.test.context.cache   : Spring test ApplicationContext cache statistics: [DefaultContextCache@3a5e591b size = 1, maxSize = 32, parentContextCount = 0, hitCount = 8, missCount = 1, failureCount = 0]
2025-06-09T20:20:45.264+03:00 DEBUG 1568 --- [okulyonetimsistemi] [           main] org.springframework.test.context.cache   : Spring test ApplicationContext cache statistics: [DefaultContextCache@3a5e591b size = 1, maxSize = 32, parentContextCount = 0, hitCount = 9, missCount = 1, failureCount = 0]
2025-06-09T20:20:45.264+03:00 DEBUG 1568 --- [okulyonetimsistemi] [           main] org.springframework.test.context.cache   : Spring test ApplicationContext cache statistics: [DefaultContextCache@3a5e591b size = 1, maxSize = 32, parentContextCount = 0, hitCount = 10, missCount = 1, failureCount = 0]
2025-06-09T20:20:45.267+03:00 DEBUG 1568 --- [okulyonetimsistemi] [           main] org.springframework.test.context.cache   : Spring test ApplicationContext cache statistics: [DefaultContextCache@3a5e591b size = 1, maxSize = 32, parentContextCount = 0, hitCount = 11, missCount = 1, failureCount = 0]
2025-06-09T20:20:45.269+03:00 DEBUG 1568 --- [okulyonetimsistemi] [           main] org.springframework.test.context.cache   : Spring test ApplicationContext cache statistics: [DefaultContextCache@3a5e591b size = 1, maxSize = 32, parentContextCount = 0, hitCount = 12, missCount = 1, failureCount = 0]
2025-06-09T20:20:45.271+03:00 DEBUG 1568 --- [okulyonetimsistemi] [           main] org.springframework.test.context.cache   : Spring test ApplicationContext cache statistics: [DefaultContextCache@3a5e591b size = 1, maxSize = 32, parentContextCount = 0, hitCount = 13, missCount = 1, failureCount = 0]
2025-06-09T20:20:45.273+03:00 DEBUG 1568 --- [okulyonetimsistemi] [           main] org.springframework.test.context.cache   : Spring test ApplicationContext cache statistics: [DefaultContextCache@3a5e591b size = 1, maxSize = 32, parentContextCount = 0, hitCount = 14, missCount = 1, failureCount = 0]
2025-06-09T20:20:45.274+03:00 DEBUG 1568 --- [okulyonetimsistemi] [           main] .c.s.DirtiesContextTestExecutionListener : After test method: class [DatabaseConnectionTest], method [testDatabaseConnection], class annotated with @DirtiesContext [false] with mode [null], method annotated with @DirtiesContext [false] with mode [null]
2025-06-09T20:20:45.274+03:00 DEBUG 1568 --- [okulyonetimsistemi] [           main] o.s.t.c.w.ServletTestExecutionListener   : Resetting RequestContextHolder for test class com.okulyonetimsistemi.okulyonetimsistemi.DatabaseConnectionTest
]]></system-out>
    <system-err><![CDATA[Veritabanı bağlantı hatası!
org.springframework.jdbc.BadSqlGrammarException: StatementCallback; bad SQL grammar [SELECT version();]
	at org.springframework.jdbc.support.SQLExceptionSubclassTranslator.doTranslate(SQLExceptionSubclassTranslator.java:103)
	at org.springframework.jdbc.support.AbstractFallbackSQLExceptionTranslator.translate(AbstractFallbackSQLExceptionTranslator.java:107)
	at org.springframework.jdbc.core.JdbcTemplate.translateException(JdbcTemplate.java:1556)
	at org.springframework.jdbc.core.JdbcTemplate.execute(JdbcTemplate.java:408)
	at org.springframework.jdbc.core.JdbcTemplate.query(JdbcTemplate.java:476)
	at org.springframework.jdbc.core.JdbcTemplate.query(JdbcTemplate.java:486)
	at org.springframework.jdbc.core.JdbcTemplate.queryForObject(JdbcTemplate.java:519)
	at org.springframework.jdbc.core.JdbcTemplate.queryForObject(JdbcTemplate.java:526)
	at com.okulyonetimsistemi.okulyonetimsistemi.config.DatabaseTest.testConnection(DatabaseTest.java:17)
	at java.base/jdk.internal.reflect.DirectMethodHandleAccessor.invoke(DirectMethodHandleAccessor.java:103)
	at java.base/java.lang.reflect.Method.invoke(Method.java:580)
	at org.springframework.beans.factory.annotation.InitDestroyAnnotationBeanPostProcessor$LifecycleMethod.invoke(InitDestroyAnnotationBeanPostProcessor.java:457)
	at org.springframework.beans.factory.annotation.InitDestroyAnnotationBeanPostProcessor$LifecycleMetadata.invokeInitMethods(InitDestroyAnnotationBeanPostProcessor.java:401)
	at org.springframework.beans.factory.annotation.InitDestroyAnnotationBeanPostProcessor.postProcessBeforeInitialization(InitDestroyAnnotationBeanPostProcessor.java:219)
	at org.springframework.beans.factory.support.AbstractAutowireCapableBeanFactory.applyBeanPostProcessorsBeforeInitialization(AbstractAutowireCapableBeanFactory.java:429)
	at org.springframework.beans.factory.support.AbstractAutowireCapableBeanFactory.initializeBean(AbstractAutowireCapableBeanFactory.java:1818)
	at org.springframework.beans.factory.support.AbstractAutowireCapableBeanFactory.doCreateBean(AbstractAutowireCapableBeanFactory.java:607)
	at org.springframework.beans.factory.support.AbstractAutowireCapableBeanFactory.createBean(AbstractAutowireCapableBeanFactory.java:529)
	at org.springframework.beans.factory.support.AbstractBeanFactory.lambda$doGetBean$0(AbstractBeanFactory.java:339)
	at org.springframework.beans.factory.support.DefaultSingletonBeanRegistry.getSingleton(DefaultSingletonBeanRegistry.java:373)
	at org.springframework.beans.factory.support.AbstractBeanFactory.doGetBean(AbstractBeanFactory.java:337)
	at org.springframework.beans.factory.support.AbstractBeanFactory.getBean(AbstractBeanFactory.java:202)
	at org.springframework.beans.factory.support.DefaultListableBeanFactory.instantiateSingleton(DefaultListableBeanFactory.java:1222)
	at org.springframework.beans.factory.support.DefaultListableBeanFactory.preInstantiateSingleton(DefaultListableBeanFactory.java:1188)
	at org.springframework.beans.factory.support.DefaultListableBeanFactory.preInstantiateSingletons(DefaultListableBeanFactory.java:1123)
	at org.springframework.context.support.AbstractApplicationContext.finishBeanFactoryInitialization(AbstractApplicationContext.java:987)
	at org.springframework.context.support.AbstractApplicationContext.refresh(AbstractApplicationContext.java:627)
	at org.springframework.boot.SpringApplication.refresh(SpringApplication.java:753)
	at org.springframework.boot.SpringApplication.refreshContext(SpringApplication.java:439)
	at org.springframework.boot.SpringApplication.run(SpringApplication.java:318)
	at org.springframework.boot.test.context.SpringBootContextLoader.lambda$loadContext$3(SpringBootContextLoader.java:144)
	at org.springframework.util.function.ThrowingSupplier.get(ThrowingSupplier.java:58)
	at org.springframework.util.function.ThrowingSupplier.get(ThrowingSupplier.java:46)
	at org.springframework.boot.SpringApplication.withHook(SpringApplication.java:1462)
	at org.springframework.boot.test.context.SpringBootContextLoader$ContextLoaderHook.run(SpringBootContextLoader.java:563)
	at org.springframework.boot.test.context.SpringBootContextLoader.loadContext(SpringBootContextLoader.java:144)
	at org.springframework.boot.test.context.SpringBootContextLoader.loadContext(SpringBootContextLoader.java:110)
	at org.springframework.test.context.cache.DefaultCacheAwareContextLoaderDelegate.loadContextInternal(DefaultCacheAwareContextLoaderDelegate.java:225)
	at org.springframework.test.context.cache.DefaultCacheAwareContextLoaderDelegate.loadContext(DefaultCacheAwareContextLoaderDelegate.java:152)
	at org.springframework.test.context.support.DefaultTestContext.getApplicationContext(DefaultTestContext.java:130)
	at org.springframework.test.context.web.ServletTestExecutionListener.setUpRequestContextIfNecessary(ServletTestExecutionListener.java:200)
	at org.springframework.test.context.web.ServletTestExecutionListener.prepareTestInstance(ServletTestExecutionListener.java:139)
	at org.springframework.test.context.TestContextManager.prepareTestInstance(TestContextManager.java:260)
	at org.springframework.test.context.junit.jupiter.SpringExtension.postProcessTestInstance(SpringExtension.java:159)
	at org.junit.jupiter.engine.descriptor.ClassBasedTestDescriptor.lambda$invokeTestInstancePostProcessors$10(ClassBasedTestDescriptor.java:383)
	at org.junit.jupiter.engine.descriptor.ClassBasedTestDescriptor.executeAndMaskThrowable(ClassBasedTestDescriptor.java:388)
	at org.junit.jupiter.engine.descriptor.ClassBasedTestDescriptor.lambda$invokeTestInstancePostProcessors$11(ClassBasedTestDescriptor.java:382)
	at java.base/java.util.stream.ForEachOps$ForEachOp$OfRef.accept(ForEachOps.java:184)
	at java.base/java.util.stream.ReferencePipeline$3$1.accept(ReferencePipeline.java:197)
	at java.base/java.util.stream.ReferencePipeline$2$1.accept(ReferencePipeline.java:179)
	at java.base/java.util.stream.ReferencePipeline$3$1.accept(ReferencePipeline.java:197)
	at java.base/java.util.ArrayList$ArrayListSpliterator.forEachRemaining(ArrayList.java:1708)
	at java.base/java.util.stream.AbstractPipeline.copyInto(AbstractPipeline.java:509)
	at java.base/java.util.stream.AbstractPipeline.wrapAndCopyInto(AbstractPipeline.java:499)
	at java.base/java.util.stream.ForEachOps$ForEachOp.evaluateSequential(ForEachOps.java:151)
	at java.base/java.util.stream.ForEachOps$ForEachOp$OfRef.evaluateSequential(ForEachOps.java:174)
	at java.base/java.util.stream.AbstractPipeline.evaluate(AbstractPipeline.java:234)
	at java.base/java.util.stream.ReferencePipeline.forEach(ReferencePipeline.java:596)
	at org.junit.jupiter.engine.descriptor.ClassBasedTestDescriptor.invokeTestInstancePostProcessors(ClassBasedTestDescriptor.java:382)
	at org.junit.jupiter.engine.descriptor.ClassBasedTestDescriptor.lambda$instantiateAndPostProcessTestInstance$6(ClassBasedTestDescriptor.java:293)
	at org.junit.platform.engine.support.hierarchical.ThrowableCollector.execute(ThrowableCollector.java:73)
	at org.junit.jupiter.engine.descriptor.ClassBasedTestDescriptor.instantiateAndPostProcessTestInstance(ClassBasedTestDescriptor.java:292)
	at org.junit.jupiter.engine.descriptor.ClassBasedTestDescriptor.lambda$testInstancesProvider$4(ClassBasedTestDescriptor.java:281)
	at java.base/java.util.Optional.orElseGet(Optional.java:364)
	at org.junit.jupiter.engine.descriptor.ClassBasedTestDescriptor.lambda$testInstancesProvider$5(ClassBasedTestDescriptor.java:280)
	at org.junit.jupiter.engine.execution.TestInstancesProvider.getTestInstances(TestInstancesProvider.java:27)
	at org.junit.jupiter.engine.descriptor.TestMethodTestDescriptor.lambda$prepare$0(TestMethodTestDescriptor.java:112)
	at org.junit.platform.engine.support.hierarchical.ThrowableCollector.execute(ThrowableCollector.java:73)
	at org.junit.jupiter.engine.descriptor.TestMethodTestDescriptor.prepare(TestMethodTestDescriptor.java:111)
	at org.junit.jupiter.engine.descriptor.TestMethodTestDescriptor.prepare(TestMethodTestDescriptor.java:69)
	at org.junit.platform.engine.support.hierarchical.NodeTestTask.lambda$prepare$2(NodeTestTask.java:128)
	at org.junit.platform.engine.support.hierarchical.ThrowableCollector.execute(ThrowableCollector.java:73)
	at org.junit.platform.engine.support.hierarchical.NodeTestTask.prepare(NodeTestTask.java:128)
	at org.junit.platform.engine.support.hierarchical.NodeTestTask.execute(NodeTestTask.java:95)
	at java.base/java.util.ArrayList.forEach(ArrayList.java:1596)
	at org.junit.platform.engine.support.hierarchical.SameThreadHierarchicalTestExecutorService.invokeAll(SameThreadHierarchicalTestExecutorService.java:41)
	at org.junit.platform.engine.support.hierarchical.NodeTestTask.lambda$executeRecursively$6(NodeTestTask.java:160)
	at org.junit.platform.engine.support.hierarchical.ThrowableCollector.execute(ThrowableCollector.java:73)
	at org.junit.platform.engine.support.hierarchical.NodeTestTask.lambda$executeRecursively$8(NodeTestTask.java:146)
	at org.junit.platform.engine.support.hierarchical.Node.around(Node.java:137)
	at org.junit.platform.engine.support.hierarchical.NodeTestTask.lambda$executeRecursively$9(NodeTestTask.java:144)
	at org.junit.platform.engine.support.hierarchical.ThrowableCollector.execute(ThrowableCollector.java:73)
	at org.junit.platform.engine.support.hierarchical.NodeTestTask.executeRecursively(NodeTestTask.java:143)
	at org.junit.platform.engine.support.hierarchical.NodeTestTask.execute(NodeTestTask.java:100)
	at java.base/java.util.ArrayList.forEach(ArrayList.java:1596)
	at org.junit.platform.engine.support.hierarchical.SameThreadHierarchicalTestExecutorService.invokeAll(SameThreadHierarchicalTestExecutorService.java:41)
	at org.junit.platform.engine.support.hierarchical.NodeTestTask.lambda$executeRecursively$6(NodeTestTask.java:160)
	at org.junit.platform.engine.support.hierarchical.ThrowableCollector.execute(ThrowableCollector.java:73)
	at org.junit.platform.engine.support.hierarchical.NodeTestTask.lambda$executeRecursively$8(NodeTestTask.java:146)
	at org.junit.platform.engine.support.hierarchical.Node.around(Node.java:137)
	at org.junit.platform.engine.support.hierarchical.NodeTestTask.lambda$executeRecursively$9(NodeTestTask.java:144)
	at org.junit.platform.engine.support.hierarchical.ThrowableCollector.execute(ThrowableCollector.java:73)
	at org.junit.platform.engine.support.hierarchical.NodeTestTask.executeRecursively(NodeTestTask.java:143)
	at org.junit.platform.engine.support.hierarchical.NodeTestTask.execute(NodeTestTask.java:100)
	at org.junit.platform.engine.support.hierarchical.SameThreadHierarchicalTestExecutorService.submit(SameThreadHierarchicalTestExecutorService.java:35)
	at org.junit.platform.engine.support.hierarchical.HierarchicalTestExecutor.execute(HierarchicalTestExecutor.java:57)
	at org.junit.platform.engine.support.hierarchical.HierarchicalTestEngine.execute(HierarchicalTestEngine.java:54)
	at org.junit.platform.launcher.core.EngineExecutionOrchestrator.execute(EngineExecutionOrchestrator.java:201)
	at org.junit.platform.launcher.core.EngineExecutionOrchestrator.execute(EngineExecutionOrchestrator.java:170)
	at org.junit.platform.launcher.core.EngineExecutionOrchestrator.execute(EngineExecutionOrchestrator.java:94)
	at org.junit.platform.launcher.core.EngineExecutionOrchestrator.lambda$execute$0(EngineExecutionOrchestrator.java:59)
	at org.junit.platform.launcher.core.EngineExecutionOrchestrator.withInterceptedStreams(EngineExecutionOrchestrator.java:142)
	at org.junit.platform.launcher.core.EngineExecutionOrchestrator.execute(EngineExecutionOrchestrator.java:58)
	at org.junit.platform.launcher.core.DefaultLauncher.execute(DefaultLauncher.java:103)
	at org.junit.platform.launcher.core.DefaultLauncher.execute(DefaultLauncher.java:85)
	at org.junit.platform.launcher.core.DelegatingLauncher.execute(DelegatingLauncher.java:47)
	at org.junit.platform.launcher.core.InterceptingLauncher.lambda$execute$1(InterceptingLauncher.java:39)
	at org.junit.platform.launcher.core.ClasspathAlignmentCheckingLauncherInterceptor.intercept(ClasspathAlignmentCheckingLauncherInterceptor.java:25)
	at org.junit.platform.launcher.core.InterceptingLauncher.execute(InterceptingLauncher.java:38)
	at org.junit.platform.launcher.core.DelegatingLauncher.execute(DelegatingLauncher.java:47)
	at org.apache.maven.surefire.junitplatform.LazyLauncher.execute(LazyLauncher.java:56)
	at org.apache.maven.surefire.junitplatform.JUnitPlatformProvider.execute(JUnitPlatformProvider.java:194)
	at org.apache.maven.surefire.junitplatform.JUnitPlatformProvider.invokeAllTests(JUnitPlatformProvider.java:150)
	at org.apache.maven.surefire.junitplatform.JUnitPlatformProvider.invoke(JUnitPlatformProvider.java:124)
	at org.apache.maven.surefire.booter.ForkedBooter.runSuitesInProcess(ForkedBooter.java:385)
	at org.apache.maven.surefire.booter.ForkedBooter.execute(ForkedBooter.java:162)
	at org.apache.maven.surefire.booter.ForkedBooter.run(ForkedBooter.java:507)
	at org.apache.maven.surefire.booter.ForkedBooter.main(ForkedBooter.java:495)
Caused by: org.h2.jdbc.JdbcSQLSyntaxErrorException: Function "VERSION" not found; SQL statement:
SELECT version(); [90022-232]
	at org.h2.message.DbException.getJdbcSQLException(DbException.java:644)
	at org.h2.message.DbException.getJdbcSQLException(DbException.java:489)
	at org.h2.message.DbException.get(DbException.java:223)
	at org.h2.message.DbException.get(DbException.java:199)
	at org.h2.command.Parser.readFunction(Parser.java:3772)
	at org.h2.command.Parser.readTermWithIdentifier(Parser.java:5142)
	at org.h2.command.Parser.readTerm(Parser.java:4828)
	at org.h2.command.Parser.readFactor(Parser.java:3323)
	at org.h2.command.Parser.readSum(Parser.java:3310)
	at org.h2.command.Parser.readConcat(Parser.java:3275)
	at org.h2.command.Parser.readCondition(Parser.java:3065)
	at org.h2.command.Parser.readExpression(Parser.java:2985)
	at org.h2.command.Parser.parseSelectExpressions(Parser.java:2785)
	at org.h2.command.Parser.parseSelect(Parser.java:2803)
	at org.h2.command.Parser.parseQueryPrimary(Parser.java:2692)
	at org.h2.command.Parser.parseQueryTerm(Parser.java:2547)
	at org.h2.command.Parser.parseQueryExpressionBody(Parser.java:2526)
	at org.h2.command.Parser.parseQueryExpressionBodyAndEndOfQuery(Parser.java:2519)
	at org.h2.command.Parser.parseQueryExpression(Parser.java:2512)
	at org.h2.command.Parser.parseQuery(Parser.java:2479)
	at org.h2.command.Parser.parsePrepared(Parser.java:610)
	at org.h2.command.Parser.parse(Parser.java:581)
	at org.h2.command.Parser.parse(Parser.java:556)
	at org.h2.command.Parser.prepareCommand(Parser.java:484)
	at org.h2.engine.SessionLocal.prepareLocal(SessionLocal.java:645)
	at org.h2.engine.SessionLocal.prepareCommand(SessionLocal.java:561)
	at org.h2.jdbc.JdbcConnection.prepareCommand(JdbcConnection.java:1164)
	at org.h2.jdbc.JdbcStatement.executeQuery(JdbcStatement.java:94)
	at com.zaxxer.hikari.pool.ProxyStatement.executeQuery(ProxyStatement.java:111)
	at com.zaxxer.hikari.pool.HikariProxyStatement.executeQuery(HikariProxyStatement.java)
	at org.springframework.jdbc.core.JdbcTemplate$1QueryStatementCallback.doInStatement(JdbcTemplate.java:463)
	at org.springframework.jdbc.core.JdbcTemplate.execute(JdbcTemplate.java:393)
	... 114 more
Mockito is currently self-attaching to enable the inline-mock-maker. This will no longer work in future releases of the JDK. Please add Mockito as an agent to your build as described in Mockito's documentation: https://javadoc.io/doc/org.mockito/mockito-core/latest/org.mockito/org/mockito/Mockito.html#0.3
WARNING: A Java agent has been loaded dynamically (C:\Users\yildi\.m2\repository\net\bytebuddy\byte-buddy-agent\1.17.5\byte-buddy-agent-1.17.5.jar)
WARNING: If a serviceability tool is in use, please run with -XX:+EnableDynamicAgentLoading to hide this warning
WARNING: If a serviceability tool is not in use, please run with -Djdk.instrument.traceUsage for more information
WARNING: Dynamic loading of agents will be disallowed by default in a future release
]]></system-err>
  </testcase>
</testsuite>