<?xml version="1.0" encoding="UTF-8"?>
<testsuite xmlns:xsi="http://www.w3.org/2001/XMLSchema-instance" xsi:noNamespaceSchemaLocation="https://maven.apache.org/surefire/maven-surefire-plugin/xsd/surefire-test-report.xsd" version="3.0.2" name="com.okulyonetimsistemi.okulyonetimsistemi.OkulyonetimsistemiApplicationTests" time="0.041" tests="1" errors="0" skipped="0" failures="0">
  <properties>
[...]
</properties>
  <testcase name="contextLoads" classname="com.okulyonetimsistemi.okulyonetimsistemi.OkulyonetimsistemiApplicationTests" time="0.014">
    <system-out><![CDATA[2025-06-09T20:20:45.316+03:00 DEBUG 1568 --- [okulyonetimsistemi] [           main] .b.t.c.SpringBootTestContextBootstrapper : Neither @ContextConfiguration nor @ContextHierarchy found for test class [OkulyonetimsistemiApplicationTests]: using SpringBootContextLoader
2025-06-09T20:20:45.318+03:00 DEBUG 1568 --- [okulyonetimsistemi] [           main] o.s.t.c.support.AbstractContextLoader    : Could not detect default resource locations for test class [com.okulyonetimsistemi.okulyonetimsistemi.OkulyonetimsistemiApplicationTests]: no resource found for suffixes {-context.xml, Context.groovy}.
2025-06-09T20:20:45.318+03:00  INFO 1568 --- [okulyonetimsistemi] [           main] t.c.s.AnnotationConfigContextLoaderUtils : Could not detect default configuration classes for test class [com.okulyonetimsistemi.okulyonetimsistemi.OkulyonetimsistemiApplicationTests]: OkulyonetimsistemiApplicationTests does not declare any static, non-private, non-final, nested classes annotated with @Configuration.
2025-06-09T20:20:45.319+03:00 DEBUG 1568 --- [okulyonetimsistemi] [           main] .b.t.c.SpringBootTestContextBootstrapper : Using ContextCustomizerFactory implementations for test class [OkulyonetimsistemiApplicationTests]: [ImportsContextCustomizerFactory, ExcludeFilterContextCustomizerFactory, HttpGraphQlTesterContextCustomizerFactory, DuplicateJsonObjectContextCustomizerFactory, MockitoContextCustomizerFactory, TestRestTemplateContextCustomizerFactory, WebTestClientContextCustomizerFactory, DisableReactorResourceFactoryGlobalResourcesContextCustomizerFactory, OnFailureConditionReportContextCustomizerFactory, OverrideAutoConfigurationContextCustomizerFactory, ObservabilityContextCustomizerFactory, TypeExcludeFiltersContextCustomizerFactory, PropertyMappingContextCustomizerFactory, WebDriverContextCustomizerFactory, BeanOverrideContextCustomizerFactory, MockServerContainerContextCustomizerFactory, DynamicPropertiesContextCustomizerFactory]
2025-06-09T20:20:45.322+03:00 DEBUG 1568 --- [okulyonetimsistemi] [           main] .b.t.c.SpringBootTestContextBootstrapper : Using ContextCustomizers for test class [OkulyonetimsistemiApplicationTests]: [ExcludeFilterContextCustomizer, DuplicateJsonObjectContextCustomizer, MockitoContextCustomizer, TestRestTemplateContextCustomizer, DisableReactorResourceFactoryGlobalResourcesContextCustomizerCustomizer, OnFailureConditionReportContextCustomizer, DisableObservabilityContextCustomizer, PropertyMappingContextCustomizer, WebDriverContextCustomizer, DynamicPropertiesContextCustomizer]
2025-06-09T20:20:45.323+03:00  INFO 1568 --- [okulyonetimsistemi] [           main] .b.t.c.SpringBootTestContextBootstrapper : Found @SpringBootConfiguration com.okulyonetimsistemi.okulyonetimsistemi.OkulyonetimsistemiApplication for test class com.okulyonetimsistemi.okulyonetimsistemi.OkulyonetimsistemiApplicationTests
2025-06-09T20:20:45.328+03:00 DEBUG 1568 --- [okulyonetimsistemi] [           main] .s.t.c.u.TestContextSpringFactoriesUtils : Skipping candidate TestExecutionListener [org.springframework.test.context.observation.MicrometerObservationRegistryTestExecutionListener] due to a missing dependency. Specify custom TestExecutionListener classes or make the default TestExecutionListener classes and their required dependencies available. Offending class: io.micrometer.context.ThreadLocalAccessor. MicrometerObservationRegistryTestExecutionListener requires io.micrometer:micrometer-observation:1.10.8 or higher and io.micrometer:context-propagation:1.0.3 or higher.
2025-06-09T20:20:45.329+03:00 DEBUG 1568 --- [okulyonetimsistemi] [           main] .b.t.c.SpringBootTestContextBootstrapper : Using TestExecutionListeners for test class [OkulyonetimsistemiApplicationTests]: [ServletTestExecutionListener, DirtiesContextBeforeModesTestExecutionListener, ApplicationEventsTestExecutionListener, MockitoTestExecutionListener, BeanOverrideTestExecutionListener, DependencyInjectionTestExecutionListener, DirtiesContextTestExecutionListener, CommonCachesTestExecutionListener, TransactionalTestExecutionListener, SqlScriptsTestExecutionListener, EventPublishingTestExecutionListener, WithSecurityContextTestExecutionListener, ReactorContextTestExecutionListener, ResetMocksTestExecutionListener, RestDocsTestExecutionListener, MockRestServiceServerResetTestExecutionListener, MockMvcPrintOnlyOnFailureTestExecutionListener, WebDriverTestExecutionListener, MockWebServiceServerTestExecutionListener, MockitoResetTestExecutionListener]
2025-06-09T20:20:45.329+03:00 DEBUG 1568 --- [okulyonetimsistemi] [           main] sContextBeforeModesTestExecutionListener : Before test class: class [OkulyonetimsistemiApplicationTests], class annotated with @DirtiesContext [false] with mode [null]
2025-06-09T20:20:45.330+03:00 DEBUG 1568 --- [okulyonetimsistemi] [           main] org.springframework.test.context.cache   : Spring test ApplicationContext cache statistics: [DefaultContextCache@3a5e591b size = 1, maxSize = 32, parentContextCount = 0, hitCount = 17, missCount = 1, failureCount = 0]
2025-06-09T20:20:45.335+03:00 DEBUG 1568 --- [okulyonetimsistemi] [           main] org.springframework.test.context.cache   : Spring test ApplicationContext cache statistics: [DefaultContextCache@3a5e591b size = 1, maxSize = 32, parentContextCount = 0, hitCount = 18, missCount = 1, failureCount = 0]
2025-06-09T20:20:45.335+03:00 DEBUG 1568 --- [okulyonetimsistemi] [           main] o.s.t.c.w.ServletTestExecutionListener   : Setting up MockHttpServletRequest, MockHttpServletResponse, ServletWebRequest, and RequestContextHolder for test class com.okulyonetimsistemi.okulyonetimsistemi.OkulyonetimsistemiApplicationTests
2025-06-09T20:20:45.336+03:00 DEBUG 1568 --- [okulyonetimsistemi] [           main] DependencyInjectionTestExecutionListener : Performing dependency injection for test class com.okulyonetimsistemi.okulyonetimsistemi.OkulyonetimsistemiApplicationTests
2025-06-09T20:20:45.336+03:00 DEBUG 1568 --- [okulyonetimsistemi] [           main] org.springframework.test.context.cache   : Spring test ApplicationContext cache statistics: [DefaultContextCache@3a5e591b size = 1, maxSize = 32, parentContextCount = 0, hitCount = 19, missCount = 1, failureCount = 0]
2025-06-09T20:20:45.338+03:00 DEBUG 1568 --- [okulyonetimsistemi] [           main] org.springframework.test.context.cache   : Spring test ApplicationContext cache statistics: [DefaultContextCache@3a5e591b size = 1, maxSize = 32, parentContextCount = 0, hitCount = 20, missCount = 1, failureCount = 0]
2025-06-09T20:20:45.339+03:00 DEBUG 1568 --- [okulyonetimsistemi] [           main] sContextBeforeModesTestExecutionListener : Before test method: class [OkulyonetimsistemiApplicationTests], method [contextLoads], class annotated with @DirtiesContext [false] with mode [null], method annotated with @DirtiesContext [false] with mode [null]
2025-06-09T20:20:45.340+03:00 DEBUG 1568 --- [okulyonetimsistemi] [           main] org.springframework.test.context.cache   : Spring test ApplicationContext cache statistics: [DefaultContextCache@3a5e591b size = 1, maxSize = 32, parentContextCount = 0, hitCount = 21, missCount = 1, failureCount = 0]
2025-06-09T20:20:45.340+03:00 DEBUG 1568 --- [okulyonetimsistemi] [           main] org.springframework.test.context.cache   : Spring test ApplicationContext cache statistics: [DefaultContextCache@3a5e591b size = 1, maxSize = 32, parentContextCount = 0, hitCount = 22, missCount = 1, failureCount = 0]
2025-06-09T20:20:45.342+03:00 DEBUG 1568 --- [okulyonetimsistemi] [           main] org.springframework.test.context.cache   : Spring test ApplicationContext cache statistics: [DefaultContextCache@3a5e591b size = 1, maxSize = 32, parentContextCount = 0, hitCount = 23, missCount = 1, failureCount = 0]
2025-06-09T20:20:45.345+03:00 DEBUG 1568 --- [okulyonetimsistemi] [           main] org.springframework.test.context.cache   : Spring test ApplicationContext cache statistics: [DefaultContextCache@3a5e591b size = 1, maxSize = 32, parentContextCount = 0, hitCount = 24, missCount = 1, failureCount = 0]
2025-06-09T20:20:45.346+03:00 DEBUG 1568 --- [okulyonetimsistemi] [           main] org.springframework.test.context.cache   : Spring test ApplicationContext cache statistics: [DefaultContextCache@3a5e591b size = 1, maxSize = 32, parentContextCount = 0, hitCount = 25, missCount = 1, failureCount = 0]
2025-06-09T20:20:45.347+03:00 DEBUG 1568 --- [okulyonetimsistemi] [           main] org.springframework.test.context.cache   : Spring test ApplicationContext cache statistics: [DefaultContextCache@3a5e591b size = 1, maxSize = 32, parentContextCount = 0, hitCount = 26, missCount = 1, failureCount = 0]
2025-06-09T20:20:45.348+03:00 DEBUG 1568 --- [okulyonetimsistemi] [           main] org.springframework.test.context.cache   : Spring test ApplicationContext cache statistics: [DefaultContextCache@3a5e591b size = 1, maxSize = 32, parentContextCount = 0, hitCount = 27, missCount = 1, failureCount = 0]
2025-06-09T20:20:45.349+03:00 DEBUG 1568 --- [okulyonetimsistemi] [           main] org.springframework.test.context.cache   : Spring test ApplicationContext cache statistics: [DefaultContextCache@3a5e591b size = 1, maxSize = 32, parentContextCount = 0, hitCount = 28, missCount = 1, failureCount = 0]
2025-06-09T20:20:45.349+03:00 DEBUG 1568 --- [okulyonetimsistemi] [           main] org.springframework.test.context.cache   : Spring test ApplicationContext cache statistics: [DefaultContextCache@3a5e591b size = 1, maxSize = 32, parentContextCount = 0, hitCount = 29, missCount = 1, failureCount = 0]
2025-06-09T20:20:45.350+03:00 DEBUG 1568 --- [okulyonetimsistemi] [           main] org.springframework.test.context.cache   : Spring test ApplicationContext cache statistics: [DefaultContextCache@3a5e591b size = 1, maxSize = 32, parentContextCount = 0, hitCount = 30, missCount = 1, failureCount = 0]
2025-06-09T20:20:45.351+03:00 DEBUG 1568 --- [okulyonetimsistemi] [           main] org.springframework.test.context.cache   : Spring test ApplicationContext cache statistics: [DefaultContextCache@3a5e591b size = 1, maxSize = 32, parentContextCount = 0, hitCount = 31, missCount = 1, failureCount = 0]
2025-06-09T20:20:45.351+03:00 DEBUG 1568 --- [okulyonetimsistemi] [           main] org.springframework.test.context.cache   : Spring test ApplicationContext cache statistics: [DefaultContextCache@3a5e591b size = 1, maxSize = 32, parentContextCount = 0, hitCount = 32, missCount = 1, failureCount = 0]
2025-06-09T20:20:45.353+03:00 DEBUG 1568 --- [okulyonetimsistemi] [           main] .c.s.DirtiesContextTestExecutionListener : After test method: class [OkulyonetimsistemiApplicationTests], method [contextLoads], class annotated with @DirtiesContext [false] with mode [null], method annotated with @DirtiesContext [false] with mode [null]
2025-06-09T20:20:45.353+03:00 DEBUG 1568 --- [okulyonetimsistemi] [           main] o.s.t.c.w.ServletTestExecutionListener   : Resetting RequestContextHolder for test class com.okulyonetimsistemi.okulyonetimsistemi.OkulyonetimsistemiApplicationTests
]]></system-out>
  </testcase>
</testsuite>